[2022-02-21T00:00:21.321] [INFO] SyncPlatform - Updating the client network and other details to DB
[2022-02-21T00:00:21.334] [DEBUG] FabricGateway - queryChannels ChannelQueryResponse {
  channels: [ ChannelInfo { channel_id: 'digitalzone' } ]
}
[2022-02-21T00:00:21.334] [INFO] SyncServices - SyncServices.synchNetworkConfigToDB client  test-network  channel_name  digitalzone
[2022-02-21T00:00:21.343] [DEBUG] FabricGateway - queryBlock {
  header: {
    number: Long { low: 0, high: 0, unsigned: true },
    previous_hash: <Buffer >,
    data_hash: <Buffer 90 3f 26 2f 14 a3 4b ef e1 23 c7 83 e8 c3 77 55 ca cf e9 b5 eb f2 1a 80 6d 73 b5 0a 1b c3 59 56>
  },
  data: { data: [ [Object] ] },
  metadata: { metadata: [ [Object], {}, [Array], {}, <Buffer > ] }
}
[2022-02-21T00:00:21.343] [INFO] FabricUtils - generateBlockHash 0
[2022-02-21T00:00:21.345] [DEBUG] FabricClient - initializeChannelFromDiscover  digitalzone
[2022-02-21T00:00:21.345] [INFO] FabricGateway - Sending discovery request...
[2022-02-21T00:00:21.355] [INFO] FabricGateway - Succeeded to send discovery request
[2022-02-21T00:00:21.355] [INFO] FabricClient - Discovered Org2MSP [
  {
    mspid: 'Org2MSP',
    endpoint: 'peer1.org2.example.com:10051',
    name: 'peer1.org2.example.com:10051',
    ledgerHeight: Long { low: 63, high: 0, unsigned: true },
    chaincodes: [ [Object] ]
  },
  {
    mspid: 'Org2MSP',
    endpoint: 'peer0.org2.example.com:9051',
    name: 'peer0.org2.example.com:9051',
    ledgerHeight: Long { low: 63, high: 0, unsigned: true },
    chaincodes: [ [Object], [Object], [Object], [Object] ]
  }
]
[2022-02-21T00:00:21.355] [INFO] FabricClient - Discovered Org3MSP [
  {
    mspid: 'Org3MSP',
    endpoint: 'peer0.org3.example.com:11051',
    name: 'peer0.org3.example.com:11051',
    ledgerHeight: Long { low: 63, high: 0, unsigned: true },
    chaincodes: [ [Object], [Object], [Object], [Object] ]
  },
  {
    mspid: 'Org3MSP',
    endpoint: 'peer1.org3.example.com:12051',
    name: 'peer1.org3.example.com:12051',
    ledgerHeight: Long { low: 63, high: 0, unsigned: true },
    chaincodes: [ [Object] ]
  }
]
[2022-02-21T00:00:21.355] [INFO] FabricClient - Discovered Org4MSP [
  {
    mspid: 'Org4MSP',
    endpoint: 'peer1.org4.example.com:22051',
    name: 'peer1.org4.example.com:22051',
    ledgerHeight: Long { low: 63, high: 0, unsigned: true },
    chaincodes: [ [Object] ]
  },
  {
    mspid: 'Org4MSP',
    endpoint: 'peer0.org4.example.com:21051',
    name: 'peer0.org4.example.com:21051',
    ledgerHeight: Long { low: 63, high: 0, unsigned: true },
    chaincodes: [ [Object], [Object], [Object], [Object] ]
  }
]
[2022-02-21T00:00:21.355] [INFO] FabricClient - Discovered Org1MSP [
  {
    mspid: 'Org1MSP',
    endpoint: 'peer0.org1.example.com:7051',
    name: 'peer0.org1.example.com:7051',
    ledgerHeight: Long { low: 63, high: 0, unsigned: true },
    chaincodes: [ [Object], [Object], [Object], [Object] ]
  },
  {
    mspid: 'Org1MSP',
    endpoint: 'peer1.org1.example.com:8051',
    name: 'peer1.org1.example.com:8051',
    ledgerHeight: Long { low: 63, high: 0, unsigned: true },
    chaincodes: [ [Object] ]
  }
]
[2022-02-21T00:00:21.366] [DEBUG] SyncServices - insertNewOrderers discoveryProtocol  grpcs  requesturl  orderer.example.com:7050
[2022-02-21T00:00:21.367] [DEBUG] SyncServices - insertNewOrderers discoveryProtocol  grpcs  requesturl  orderer2.example.com:8050
[2022-02-21T00:00:21.367] [DEBUG] SyncServices - insertNewOrderers discoveryProtocol  grpcs  requesturl  orderer3.example.com:9050
[2022-02-21T00:00:21.368] [INFO] FabricGateway - queryInstantiatedChaincodes digitalzone
[2022-02-21T00:00:21.398] [DEBUG] FabricGateway - queryInstantiatedChaincodes {
  chaincodes: [
    { name: 'save_ipfs_hash', version: '1' },
    { name: 'token_erc721', version: '1' },
    { name: 'interval_random', version: '1' }
  ],
  toJSON: null
}
[2022-02-21T00:00:21.404] [INFO] FabricGateway - queryInstantiatedChaincodes digitalzone
[2022-02-21T00:00:21.422] [DEBUG] FabricGateway - queryInstantiatedChaincodes {
  chaincodes: [
    { name: 'interval_random', version: '1' },
    { name: 'save_ipfs_hash', version: '1' },
    { name: 'token_erc721', version: '1' }
  ],
  toJSON: null
}
[2022-02-21T00:00:51.424] [INFO] SyncPlatform - Updating the client network and other details to DB
[2022-02-21T00:00:51.434] [DEBUG] FabricGateway - queryChannels ChannelQueryResponse {
  channels: [ ChannelInfo { channel_id: 'digitalzone' } ]
}
[2022-02-21T00:00:51.434] [INFO] SyncServices - SyncServices.synchNetworkConfigToDB client  test-network  channel_name  digitalzone
[2022-02-21T00:00:51.444] [DEBUG] FabricGateway - queryBlock {
  header: {
    number: Long { low: 0, high: 0, unsigned: true },
    previous_hash: <Buffer >,
    data_hash: <Buffer 90 3f 26 2f 14 a3 4b ef e1 23 c7 83 e8 c3 77 55 ca cf e9 b5 eb f2 1a 80 6d 73 b5 0a 1b c3 59 56>
  },
  data: { data: [ [Object] ] },
  metadata: { metadata: [ [Object], {}, [Array], {}, <Buffer > ] }
}
[2022-02-21T00:00:51.444] [INFO] FabricUtils - generateBlockHash 0
[2022-02-21T00:00:51.445] [DEBUG] FabricClient - initializeChannelFromDiscover  digitalzone
[2022-02-21T00:00:51.445] [INFO] FabricGateway - Sending discovery request...
[2022-02-21T00:00:51.451] [INFO] FabricGateway - Succeeded to send discovery request
[2022-02-21T00:00:51.451] [INFO] FabricClient - Discovered Org3MSP [
  {
    mspid: 'Org3MSP',
    endpoint: 'peer1.org3.example.com:12051',
    name: 'peer1.org3.example.com:12051',
    ledgerHeight: Long { low: 63, high: 0, unsigned: true },
    chaincodes: [ [Object] ]
  },
  {
    mspid: 'Org3MSP',
    endpoint: 'peer0.org3.example.com:11051',
    name: 'peer0.org3.example.com:11051',
    ledgerHeight: Long { low: 63, high: 0, unsigned: true },
    chaincodes: [ [Object], [Object], [Object], [Object] ]
  }
]
[2022-02-21T00:00:51.451] [INFO] FabricClient - Discovered Org4MSP [
  {
    mspid: 'Org4MSP',
    endpoint: 'peer0.org4.example.com:21051',
    name: 'peer0.org4.example.com:21051',
    ledgerHeight: Long { low: 63, high: 0, unsigned: true },
    chaincodes: [ [Object], [Object], [Object], [Object] ]
  },
  {
    mspid: 'Org4MSP',
    endpoint: 'peer1.org4.example.com:22051',
    name: 'peer1.org4.example.com:22051',
    ledgerHeight: Long { low: 63, high: 0, unsigned: true },
    chaincodes: [ [Object] ]
  }
]
[2022-02-21T00:00:51.452] [INFO] FabricClient - Discovered Org1MSP [
  {
    mspid: 'Org1MSP',
    endpoint: 'peer1.org1.example.com:8051',
    name: 'peer1.org1.example.com:8051',
    ledgerHeight: Long { low: 63, high: 0, unsigned: true },
    chaincodes: [ [Object] ]
  },
  {
    mspid: 'Org1MSP',
    endpoint: 'peer0.org1.example.com:7051',
    name: 'peer0.org1.example.com:7051',
    ledgerHeight: Long { low: 63, high: 0, unsigned: true },
    chaincodes: [ [Object], [Object], [Object], [Object] ]
  }
]
[2022-02-21T00:00:51.452] [INFO] FabricClient - Discovered Org2MSP [
  {
    mspid: 'Org2MSP',
    endpoint: 'peer0.org2.example.com:9051',
    name: 'peer0.org2.example.com:9051',
    ledgerHeight: Long { low: 63, high: 0, unsigned: true },
    chaincodes: [ [Object], [Object], [Object], [Object] ]
  },
  {
    mspid: 'Org2MSP',
    endpoint: 'peer1.org2.example.com:10051',
    name: 'peer1.org2.example.com:10051',
    ledgerHeight: Long { low: 63, high: 0, unsigned: true },
    chaincodes: [ [Object] ]
  }
]
[2022-02-21T00:00:51.457] [DEBUG] SyncServices - insertNewOrderers discoveryProtocol  grpcs  requesturl  orderer.example.com:7050
[2022-02-21T00:00:51.458] [DEBUG] SyncServices - insertNewOrderers discoveryProtocol  grpcs  requesturl  orderer2.example.com:8050
[2022-02-21T00:00:51.459] [DEBUG] SyncServices - insertNewOrderers discoveryProtocol  grpcs  requesturl  orderer3.example.com:9050
[2022-02-21T00:00:51.459] [INFO] FabricGateway - queryInstantiatedChaincodes digitalzone
[2022-02-21T00:00:51.477] [DEBUG] FabricGateway - queryInstantiatedChaincodes {
  chaincodes: [
    { name: 'save_ipfs_hash', version: '1' },
    { name: 'token_erc721', version: '1' },
    { name: 'interval_random', version: '1' }
  ],
  toJSON: null
}
[2022-02-21T00:00:51.482] [INFO] FabricGateway - queryInstantiatedChaincodes digitalzone
[2022-02-21T00:00:51.502] [DEBUG] FabricGateway - queryInstantiatedChaincodes {
  chaincodes: [
    { name: 'interval_random', version: '1' },
    { name: 'save_ipfs_hash', version: '1' },
    { name: 'token_erc721', version: '1' }
  ],
  toJSON: null
}
[2022-02-21T00:00:55.049] [DEBUG] FabricGateway - queryChainInfo BlockchainInfo {
  height: Long { low: 63, high: 0, unsigned: true },
  currentBlockHash: <Buffer 4c 40 11 27 59 a9 4c 45 ea ee 91 49 5d b9 27 69 e9 51 3f 0a 49 ea fa a1 52 aa 97 f7 23 40 be 01>,
  previousBlockHash: <Buffer f4 b1 43 1b b7 27 36 f5 3d f6 a6 45 36 49 b4 b7 fe 19 51 9a 28 24 f0 b6 9f 6f 7a 09 bf 21 e1 a3>
}
[2022-02-21T00:00:55.049] [INFO] SyncServices - syncBlocks: Start >> test-network_digitalzone
[2022-02-21T00:00:55.062] [DEBUG] FabricGateway - queryBlock {
  header: {
    number: Long { low: 0, high: 0, unsigned: true },
    previous_hash: <Buffer >,
    data_hash: <Buffer 90 3f 26 2f 14 a3 4b ef e1 23 c7 83 e8 c3 77 55 ca cf e9 b5 eb f2 1a 80 6d 73 b5 0a 1b c3 59 56>
  },
  data: { data: [ [Object] ] },
  metadata: { metadata: [ [Object], {}, [Array], {}, <Buffer > ] }
}
[2022-02-21T00:00:55.062] [DEBUG] SyncServices - New Block  >>>>>>> {"low":0,"high":0,"unsigned":true}
[2022-02-21T00:00:55.062] [ERROR] SyncServices - Failed to process Block # 0
[2022-02-21T00:00:55.072] [DEBUG] FabricGateway - queryBlock {
  header: {
    number: Long { low: 1, high: 0, unsigned: true },
    previous_hash: <Buffer 5e 14 0e 6a 63 c8 ef 95 6c 5d c2 f2 a2 48 35 aa 7e 3f 37 87 50 a8 af 5d 4c 71 53 79 a2 fe ac 07>,
    data_hash: <Buffer 69 d3 ba 5d ce 86 cf 09 d9 e1 c1 cf 95 e4 30 26 17 8c 39 b4 a5 bc d2 b4 50 78 6e 63 98 90 5a e3>
  },
  data: { data: [ [Object] ] },
  metadata: {
    metadata: [
      [Object],
      {},
      [Array],
      {},
      <Buffer 0a 20 47 dc 54 0c 94 ce b7 04 a2 38 75 c1 12 73 e1 6b b0 b8 a8 7a ed 84 de 91 1f 21 33 56 81 15 f2 54>
    ]
  }
}
[2022-02-21T00:00:55.072] [DEBUG] SyncServices - New Block  >>>>>>> {"low":1,"high":0,"unsigned":true}
[2022-02-21T00:00:55.072] [ERROR] SyncServices - Failed to process Block # 1
[2022-02-21T00:00:55.081] [DEBUG] FabricGateway - queryBlock {
  header: {
    number: Long { low: 2, high: 0, unsigned: true },
    previous_hash: <Buffer 7b a4 14 8f ef b4 40 12 7d 96 8b dd d8 47 4a 22 be d2 ab fc da 37 a9 2d 8a f5 06 09 f2 6e a5 37>,
    data_hash: <Buffer 86 7e 99 32 8c 03 db f5 e7 79 69 32 be bc 53 e4 c0 6e 5d d4 0c 76 4f 3e 52 e7 56 91 b6 07 2a a0>
  },
  data: { data: [ [Object] ] },
  metadata: {
    metadata: [
      [Object],
      {},
      [Array],
      {},
      <Buffer 0a 20 5f 88 b6 14 07 b1 49 a4 84 13 43 3f 46 70 c4 65 31 e5 c4 a8 fe bd c3 39 a9 53 6f f8 71 6a 55 9e>
    ]
  }
}
[2022-02-21T00:00:55.081] [DEBUG] SyncServices - New Block  >>>>>>> {"low":2,"high":0,"unsigned":true}
[2022-02-21T00:00:55.082] [ERROR] SyncServices - Failed to process Block # 2
[2022-02-21T00:00:55.090] [DEBUG] FabricGateway - queryBlock {
  header: {
    number: Long { low: 3, high: 0, unsigned: true },
    previous_hash: <Buffer 36 8f 92 c0 e1 06 4d 8d 5f c0 ab ab a3 c6 a9 08 fa 82 55 76 51 40 9c d2 af bb 89 91 69 7f 91 9e>,
    data_hash: <Buffer ab 63 73 4d 3c 77 85 26 4c fe 86 26 db c3 a2 4a da 0e d9 94 15 e8 20 9e 6c 5e f4 71 79 42 5f 47>
  },
  data: { data: [ [Object] ] },
  metadata: {
    metadata: [
      [Object],
      {},
      [Array],
      {},
      <Buffer 0a 20 37 be 53 32 b9 30 0e f2 e3 01 f0 e0 e5 38 5a 0a 72 9d 3f ef 5c 9e a4 a7 bd 47 66 bb 91 99 8a 31>
    ]
  }
}
[2022-02-21T00:00:55.090] [DEBUG] SyncServices - New Block  >>>>>>> {"low":3,"high":0,"unsigned":true}
[2022-02-21T00:00:55.091] [ERROR] SyncServices - Failed to process Block # 3
[2022-02-21T00:00:55.099] [DEBUG] FabricGateway - queryBlock {
  header: {
    number: Long { low: 4, high: 0, unsigned: true },
    previous_hash: <Buffer 92 c4 d6 28 84 a1 14 b9 37 57 e7 72 62 55 45 c1 b4 7f 3a 1d ae e8 eb db 60 2e 84 9e df 3f ed 21>,
    data_hash: <Buffer dc 2b bf 83 5f e5 0e f3 59 08 eb 7a 01 8b 32 eb 8b 1d 40 33 a6 2c d8 de ef 92 47 e8 8a 2c d8 ff>
  },
  data: { data: [ [Object] ] },
  metadata: {
    metadata: [
      [Object],
      {},
      [Array],
      {},
      <Buffer 0a 20 76 9e e3 b6 b7 bb c2 ce 4c 97 55 91 80 af f3 f5 dc 08 d9 ed df e3 3b 9a b2 4a e6 cc 76 ca c8 de>
    ]
  }
}
[2022-02-21T00:00:55.099] [DEBUG] SyncServices - New Block  >>>>>>> {"low":4,"high":0,"unsigned":true}
[2022-02-21T00:00:55.099] [ERROR] SyncServices - Failed to process Block # 4
[2022-02-21T00:00:55.099] [INFO] SyncServices - syncBlocks: Finish >> test-network_digitalzone
[2022-02-21T00:01:21.510] [INFO] SyncPlatform - Updating the client network and other details to DB
[2022-02-21T00:01:21.515] [DEBUG] FabricGateway - queryChannels ChannelQueryResponse {
  channels: [ ChannelInfo { channel_id: 'digitalzone' } ]
}
[2022-02-21T00:01:21.515] [INFO] SyncServices - SyncServices.synchNetworkConfigToDB client  test-network  channel_name  digitalzone
[2022-02-21T00:01:21.522] [DEBUG] FabricGateway - queryBlock {
  header: {
    number: Long { low: 0, high: 0, unsigned: true },
    previous_hash: <Buffer >,
    data_hash: <Buffer 90 3f 26 2f 14 a3 4b ef e1 23 c7 83 e8 c3 77 55 ca cf e9 b5 eb f2 1a 80 6d 73 b5 0a 1b c3 59 56>
  },
  data: { data: [ [Object] ] },
  metadata: { metadata: [ [Object], {}, [Array], {}, <Buffer > ] }
}
[2022-02-21T00:01:21.522] [INFO] FabricUtils - generateBlockHash 0
[2022-02-21T00:01:21.523] [DEBUG] FabricClient - initializeChannelFromDiscover  digitalzone
[2022-02-21T00:01:21.523] [INFO] FabricGateway - Sending discovery request...
[2022-02-21T00:01:21.531] [INFO] FabricGateway - Succeeded to send discovery request
[2022-02-21T00:01:21.531] [INFO] FabricClient - Discovered Org2MSP [
  {
    mspid: 'Org2MSP',
    endpoint: 'peer0.org2.example.com:9051',
    name: 'peer0.org2.example.com:9051',
    ledgerHeight: Long { low: 63, high: 0, unsigned: true },
    chaincodes: [ [Object], [Object], [Object], [Object] ]
  },
  {
    mspid: 'Org2MSP',
    endpoint: 'peer1.org2.example.com:10051',
    name: 'peer1.org2.example.com:10051',
    ledgerHeight: Long { low: 63, high: 0, unsigned: true },
    chaincodes: [ [Object] ]
  }
]
[2022-02-21T00:01:21.531] [INFO] FabricClient - Discovered Org3MSP [
  {
    mspid: 'Org3MSP',
    endpoint: 'peer0.org3.example.com:11051',
    name: 'peer0.org3.example.com:11051',
    ledgerHeight: Long { low: 63, high: 0, unsigned: true },
    chaincodes: [ [Object], [Object], [Object], [Object] ]
  },
  {
    mspid: 'Org3MSP',
    endpoint: 'peer1.org3.example.com:12051',
    name: 'peer1.org3.example.com:12051',
    ledgerHeight: Long { low: 63, high: 0, unsigned: true },
    chaincodes: [ [Object] ]
  }
]
[2022-02-21T00:01:21.532] [INFO] FabricClient - Discovered Org4MSP [
  {
    mspid: 'Org4MSP',
    endpoint: 'peer0.org4.example.com:21051',
    name: 'peer0.org4.example.com:21051',
    ledgerHeight: Long { low: 63, high: 0, unsigned: true },
    chaincodes: [ [Object], [Object], [Object], [Object] ]
  },
  {
    mspid: 'Org4MSP',
    endpoint: 'peer1.org4.example.com:22051',
    name: 'peer1.org4.example.com:22051',
    ledgerHeight: Long { low: 63, high: 0, unsigned: true },
    chaincodes: [ [Object] ]
  }
]
[2022-02-21T00:01:21.532] [INFO] FabricClient - Discovered Org1MSP [
  {
    mspid: 'Org1MSP',
    endpoint: 'peer0.org1.example.com:7051',
    name: 'peer0.org1.example.com:7051',
    ledgerHeight: Long { low: 63, high: 0, unsigned: true },
    chaincodes: [ [Object], [Object], [Object], [Object] ]
  },
  {
    mspid: 'Org1MSP',
    endpoint: 'peer1.org1.example.com:8051',
    name: 'peer1.org1.example.com:8051',
    ledgerHeight: Long { low: 63, high: 0, unsigned: true },
    chaincodes: [ [Object] ]
  }
]
[2022-02-21T00:01:21.537] [DEBUG] SyncServices - insertNewOrderers discoveryProtocol  grpcs  requesturl  orderer.example.com:7050
[2022-02-21T00:01:21.537] [DEBUG] SyncServices - insertNewOrderers discoveryProtocol  grpcs  requesturl  orderer2.example.com:8050
[2022-02-21T00:01:21.538] [DEBUG] SyncServices - insertNewOrderers discoveryProtocol  grpcs  requesturl  orderer3.example.com:9050
[2022-02-21T00:01:21.538] [INFO] FabricGateway - queryInstantiatedChaincodes digitalzone
[2022-02-21T00:01:21.568] [DEBUG] FabricGateway - queryInstantiatedChaincodes {
  chaincodes: [
    { name: 'save_ipfs_hash', version: '1' },
    { name: 'token_erc721', version: '1' },
    { name: 'interval_random', version: '1' }
  ],
  toJSON: null
}
[2022-02-21T00:01:21.572] [INFO] FabricGateway - queryInstantiatedChaincodes digitalzone
[2022-02-21T00:01:21.590] [DEBUG] FabricGateway - queryInstantiatedChaincodes {
  chaincodes: [
    { name: 'save_ipfs_hash', version: '1' },
    { name: 'token_erc721', version: '1' },
    { name: 'interval_random', version: '1' }
  ],
  toJSON: null
}
[2022-02-21T00:01:51.598] [INFO] SyncPlatform - Updating the client network and other details to DB
[2022-02-21T00:01:51.604] [DEBUG] FabricGateway - queryChannels ChannelQueryResponse {
  channels: [ ChannelInfo { channel_id: 'digitalzone' } ]
}
[2022-02-21T00:01:51.604] [INFO] SyncServices - SyncServices.synchNetworkConfigToDB client  test-network  channel_name  digitalzone
[2022-02-21T00:01:51.610] [DEBUG] FabricGateway - queryBlock {
  header: {
    number: Long { low: 0, high: 0, unsigned: true },
    previous_hash: <Buffer >,
    data_hash: <Buffer 90 3f 26 2f 14 a3 4b ef e1 23 c7 83 e8 c3 77 55 ca cf e9 b5 eb f2 1a 80 6d 73 b5 0a 1b c3 59 56>
  },
  data: { data: [ [Object] ] },
  metadata: { metadata: [ [Object], {}, [Array], {}, <Buffer > ] }
}
[2022-02-21T00:01:51.611] [INFO] FabricUtils - generateBlockHash 0
[2022-02-21T00:01:51.611] [DEBUG] FabricClient - initializeChannelFromDiscover  digitalzone
[2022-02-21T00:01:51.611] [INFO] FabricGateway - Sending discovery request...
[2022-02-21T00:01:51.618] [INFO] FabricGateway - Succeeded to send discovery request
[2022-02-21T00:01:51.618] [INFO] FabricClient - Discovered Org1MSP [
  {
    mspid: 'Org1MSP',
    endpoint: 'peer0.org1.example.com:7051',
    name: 'peer0.org1.example.com:7051',
    ledgerHeight: Long { low: 63, high: 0, unsigned: true },
    chaincodes: [ [Object], [Object], [Object], [Object] ]
  },
  {
    mspid: 'Org1MSP',
    endpoint: 'peer1.org1.example.com:8051',
    name: 'peer1.org1.example.com:8051',
    ledgerHeight: Long { low: 63, high: 0, unsigned: true },
    chaincodes: [ [Object] ]
  }
]
[2022-02-21T00:01:51.618] [INFO] FabricClient - Discovered Org2MSP [
  {
    mspid: 'Org2MSP',
    endpoint: 'peer0.org2.example.com:9051',
    name: 'peer0.org2.example.com:9051',
    ledgerHeight: Long { low: 63, high: 0, unsigned: true },
    chaincodes: [ [Object], [Object], [Object], [Object] ]
  },
  {
    mspid: 'Org2MSP',
    endpoint: 'peer1.org2.example.com:10051',
    name: 'peer1.org2.example.com:10051',
    ledgerHeight: Long { low: 63, high: 0, unsigned: true },
    chaincodes: [ [Object] ]
  }
]
[2022-02-21T00:01:51.618] [INFO] FabricClient - Discovered Org3MSP [
  {
    mspid: 'Org3MSP',
    endpoint: 'peer1.org3.example.com:12051',
    name: 'peer1.org3.example.com:12051',
    ledgerHeight: Long { low: 63, high: 0, unsigned: true },
    chaincodes: [ [Object] ]
  },
  {
    mspid: 'Org3MSP',
    endpoint: 'peer0.org3.example.com:11051',
    name: 'peer0.org3.example.com:11051',
    ledgerHeight: Long { low: 63, high: 0, unsigned: true },
    chaincodes: [ [Object], [Object], [Object], [Object] ]
  }
]
[2022-02-21T00:01:51.619] [INFO] FabricClient - Discovered Org4MSP [
  {
    mspid: 'Org4MSP',
    endpoint: 'peer0.org4.example.com:21051',
    name: 'peer0.org4.example.com:21051',
    ledgerHeight: Long { low: 63, high: 0, unsigned: true },
    chaincodes: [ [Object], [Object], [Object], [Object] ]
  },
  {
    mspid: 'Org4MSP',
    endpoint: 'peer1.org4.example.com:22051',
    name: 'peer1.org4.example.com:22051',
    ledgerHeight: Long { low: 63, high: 0, unsigned: true },
    chaincodes: [ [Object] ]
  }
]
[2022-02-21T00:01:51.623] [DEBUG] SyncServices - insertNewOrderers discoveryProtocol  grpcs  requesturl  orderer.example.com:7050
[2022-02-21T00:01:51.624] [DEBUG] SyncServices - insertNewOrderers discoveryProtocol  grpcs  requesturl  orderer2.example.com:8050
[2022-02-21T00:01:51.624] [DEBUG] SyncServices - insertNewOrderers discoveryProtocol  grpcs  requesturl  orderer3.example.com:9050
[2022-02-21T00:01:51.625] [INFO] FabricGateway - queryInstantiatedChaincodes digitalzone
[2022-02-21T00:01:51.646] [DEBUG] FabricGateway - queryInstantiatedChaincodes {
  chaincodes: [
    { name: 'save_ipfs_hash', version: '1' },
    { name: 'token_erc721', version: '1' },
    { name: 'interval_random', version: '1' }
  ],
  toJSON: null
}
[2022-02-21T00:01:51.651] [INFO] FabricGateway - queryInstantiatedChaincodes digitalzone
[2022-02-21T00:01:51.668] [DEBUG] FabricGateway - queryInstantiatedChaincodes {
  chaincodes: [
    { name: 'interval_random', version: '1' },
    { name: 'save_ipfs_hash', version: '1' },
    { name: 'token_erc721', version: '1' }
  ],
  toJSON: null
}
[2022-02-21T00:01:55.051] [DEBUG] FabricGateway - queryChainInfo BlockchainInfo {
  height: Long { low: 63, high: 0, unsigned: true },
  currentBlockHash: <Buffer 4c 40 11 27 59 a9 4c 45 ea ee 91 49 5d b9 27 69 e9 51 3f 0a 49 ea fa a1 52 aa 97 f7 23 40 be 01>,
  previousBlockHash: <Buffer f4 b1 43 1b b7 27 36 f5 3d f6 a6 45 36 49 b4 b7 fe 19 51 9a 28 24 f0 b6 9f 6f 7a 09 bf 21 e1 a3>
}
[2022-02-21T00:01:55.051] [INFO] SyncServices - syncBlocks: Start >> test-network_digitalzone
[2022-02-21T00:01:55.063] [DEBUG] FabricGateway - queryBlock {
  header: {
    number: Long { low: 0, high: 0, unsigned: true },
    previous_hash: <Buffer >,
    data_hash: <Buffer 90 3f 26 2f 14 a3 4b ef e1 23 c7 83 e8 c3 77 55 ca cf e9 b5 eb f2 1a 80 6d 73 b5 0a 1b c3 59 56>
  },
  data: { data: [ [Object] ] },
  metadata: { metadata: [ [Object], {}, [Array], {}, <Buffer > ] }
}
[2022-02-21T00:01:55.063] [DEBUG] SyncServices - New Block  >>>>>>> {"low":0,"high":0,"unsigned":true}
[2022-02-21T00:01:55.064] [ERROR] SyncServices - Failed to process Block # 0
[2022-02-21T00:01:55.074] [DEBUG] FabricGateway - queryBlock {
  header: {
    number: Long { low: 1, high: 0, unsigned: true },
    previous_hash: <Buffer 5e 14 0e 6a 63 c8 ef 95 6c 5d c2 f2 a2 48 35 aa 7e 3f 37 87 50 a8 af 5d 4c 71 53 79 a2 fe ac 07>,
    data_hash: <Buffer 69 d3 ba 5d ce 86 cf 09 d9 e1 c1 cf 95 e4 30 26 17 8c 39 b4 a5 bc d2 b4 50 78 6e 63 98 90 5a e3>
  },
  data: { data: [ [Object] ] },
  metadata: {
    metadata: [
      [Object],
      {},
      [Array],
      {},
      <Buffer 0a 20 47 dc 54 0c 94 ce b7 04 a2 38 75 c1 12 73 e1 6b b0 b8 a8 7a ed 84 de 91 1f 21 33 56 81 15 f2 54>
    ]
  }
}
[2022-02-21T00:01:55.074] [DEBUG] SyncServices - New Block  >>>>>>> {"low":1,"high":0,"unsigned":true}
[2022-02-21T00:01:55.074] [ERROR] SyncServices - Failed to process Block # 1
[2022-02-21T00:01:55.084] [DEBUG] FabricGateway - queryBlock {
  header: {
    number: Long { low: 2, high: 0, unsigned: true },
    previous_hash: <Buffer 7b a4 14 8f ef b4 40 12 7d 96 8b dd d8 47 4a 22 be d2 ab fc da 37 a9 2d 8a f5 06 09 f2 6e a5 37>,
    data_hash: <Buffer 86 7e 99 32 8c 03 db f5 e7 79 69 32 be bc 53 e4 c0 6e 5d d4 0c 76 4f 3e 52 e7 56 91 b6 07 2a a0>
  },
  data: { data: [ [Object] ] },
  metadata: {
    metadata: [
      [Object],
      {},
      [Array],
      {},
      <Buffer 0a 20 5f 88 b6 14 07 b1 49 a4 84 13 43 3f 46 70 c4 65 31 e5 c4 a8 fe bd c3 39 a9 53 6f f8 71 6a 55 9e>
    ]
  }
}
[2022-02-21T00:01:55.084] [DEBUG] SyncServices - New Block  >>>>>>> {"low":2,"high":0,"unsigned":true}
[2022-02-21T00:01:55.084] [ERROR] SyncServices - Failed to process Block # 2
[2022-02-21T00:01:55.093] [DEBUG] FabricGateway - queryBlock {
  header: {
    number: Long { low: 3, high: 0, unsigned: true },
    previous_hash: <Buffer 36 8f 92 c0 e1 06 4d 8d 5f c0 ab ab a3 c6 a9 08 fa 82 55 76 51 40 9c d2 af bb 89 91 69 7f 91 9e>,
    data_hash: <Buffer ab 63 73 4d 3c 77 85 26 4c fe 86 26 db c3 a2 4a da 0e d9 94 15 e8 20 9e 6c 5e f4 71 79 42 5f 47>
  },
  data: { data: [ [Object] ] },
  metadata: {
    metadata: [
      [Object],
      {},
      [Array],
      {},
      <Buffer 0a 20 37 be 53 32 b9 30 0e f2 e3 01 f0 e0 e5 38 5a 0a 72 9d 3f ef 5c 9e a4 a7 bd 47 66 bb 91 99 8a 31>
    ]
  }
}
[2022-02-21T00:01:55.094] [DEBUG] SyncServices - New Block  >>>>>>> {"low":3,"high":0,"unsigned":true}
[2022-02-21T00:01:55.094] [ERROR] SyncServices - Failed to process Block # 3
[2022-02-21T00:01:55.101] [DEBUG] FabricGateway - queryBlock {
  header: {
    number: Long { low: 4, high: 0, unsigned: true },
    previous_hash: <Buffer 92 c4 d6 28 84 a1 14 b9 37 57 e7 72 62 55 45 c1 b4 7f 3a 1d ae e8 eb db 60 2e 84 9e df 3f ed 21>,
    data_hash: <Buffer dc 2b bf 83 5f e5 0e f3 59 08 eb 7a 01 8b 32 eb 8b 1d 40 33 a6 2c d8 de ef 92 47 e8 8a 2c d8 ff>
  },
  data: { data: [ [Object] ] },
  metadata: {
    metadata: [
      [Object],
      {},
      [Array],
      {},
      <Buffer 0a 20 76 9e e3 b6 b7 bb c2 ce 4c 97 55 91 80 af f3 f5 dc 08 d9 ed df e3 3b 9a b2 4a e6 cc 76 ca c8 de>
    ]
  }
}
[2022-02-21T00:01:55.102] [DEBUG] SyncServices - New Block  >>>>>>> {"low":4,"high":0,"unsigned":true}
[2022-02-21T00:01:55.102] [ERROR] SyncServices - Failed to process Block # 4
[2022-02-21T00:01:55.102] [INFO] SyncServices - syncBlocks: Finish >> test-network_digitalzone
[2022-02-21T00:02:21.678] [INFO] SyncPlatform - Updating the client network and other details to DB
[2022-02-21T00:02:21.683] [DEBUG] FabricGateway - queryChannels ChannelQueryResponse {
  channels: [ ChannelInfo { channel_id: 'digitalzone' } ]
}
[2022-02-21T00:02:21.683] [INFO] SyncServices - SyncServices.synchNetworkConfigToDB client  test-network  channel_name  digitalzone
[2022-02-21T00:02:21.690] [DEBUG] FabricGateway - queryBlock {
  header: {
    number: Long { low: 0, high: 0, unsigned: true },
    previous_hash: <Buffer >,
    data_hash: <Buffer 90 3f 26 2f 14 a3 4b ef e1 23 c7 83 e8 c3 77 55 ca cf e9 b5 eb f2 1a 80 6d 73 b5 0a 1b c3 59 56>
  },
  data: { data: [ [Object] ] },
  metadata: { metadata: [ [Object], {}, [Array], {}, <Buffer > ] }
}
[2022-02-21T00:02:21.690] [INFO] FabricUtils - generateBlockHash 0
[2022-02-21T00:02:21.691] [DEBUG] FabricClient - initializeChannelFromDiscover  digitalzone
[2022-02-21T00:02:21.691] [INFO] FabricGateway - Sending discovery request...
[2022-02-21T00:02:21.697] [INFO] FabricGateway - Succeeded to send discovery request
[2022-02-21T00:02:21.697] [INFO] FabricClient - Discovered Org2MSP [
  {
    mspid: 'Org2MSP',
    endpoint: 'peer1.org2.example.com:10051',
    name: 'peer1.org2.example.com:10051',
    ledgerHeight: Long { low: 63, high: 0, unsigned: true },
    chaincodes: [ [Object] ]
  },
  {
    mspid: 'Org2MSP',
    endpoint: 'peer0.org2.example.com:9051',
    name: 'peer0.org2.example.com:9051',
    ledgerHeight: Long { low: 63, high: 0, unsigned: true },
    chaincodes: [ [Object], [Object], [Object], [Object] ]
  }
]
[2022-02-21T00:02:21.698] [INFO] FabricClient - Discovered Org3MSP [
  {
    mspid: 'Org3MSP',
    endpoint: 'peer0.org3.example.com:11051',
    name: 'peer0.org3.example.com:11051',
    ledgerHeight: Long { low: 63, high: 0, unsigned: true },
    chaincodes: [ [Object], [Object], [Object], [Object] ]
  },
  {
    mspid: 'Org3MSP',
    endpoint: 'peer1.org3.example.com:12051',
    name: 'peer1.org3.example.com:12051',
    ledgerHeight: Long { low: 63, high: 0, unsigned: true },
    chaincodes: [ [Object] ]
  }
]
[2022-02-21T00:02:21.698] [INFO] FabricClient - Discovered Org4MSP [
  {
    mspid: 'Org4MSP',
    endpoint: 'peer0.org4.example.com:21051',
    name: 'peer0.org4.example.com:21051',
    ledgerHeight: Long { low: 63, high: 0, unsigned: true },
    chaincodes: [ [Object], [Object], [Object], [Object] ]
  },
  {
    mspid: 'Org4MSP',
    endpoint: 'peer1.org4.example.com:22051',
    name: 'peer1.org4.example.com:22051',
    ledgerHeight: Long { low: 63, high: 0, unsigned: true },
    chaincodes: [ [Object] ]
  }
]
[2022-02-21T00:02:21.698] [INFO] FabricClient - Discovered Org1MSP [
  {
    mspid: 'Org1MSP',
    endpoint: 'peer0.org1.example.com:7051',
    name: 'peer0.org1.example.com:7051',
    ledgerHeight: Long { low: 63, high: 0, unsigned: true },
    chaincodes: [ [Object], [Object], [Object], [Object] ]
  },
  {
    mspid: 'Org1MSP',
    endpoint: 'peer1.org1.example.com:8051',
    name: 'peer1.org1.example.com:8051',
    ledgerHeight: Long { low: 63, high: 0, unsigned: true },
    chaincodes: [ [Object] ]
  }
]
[2022-02-21T00:02:21.703] [DEBUG] SyncServices - insertNewOrderers discoveryProtocol  grpcs  requesturl  orderer.example.com:7050
[2022-02-21T00:02:21.704] [DEBUG] SyncServices - insertNewOrderers discoveryProtocol  grpcs  requesturl  orderer2.example.com:8050
[2022-02-21T00:02:21.705] [DEBUG] SyncServices - insertNewOrderers discoveryProtocol  grpcs  requesturl  orderer3.example.com:9050
[2022-02-21T00:02:21.705] [INFO] FabricGateway - queryInstantiatedChaincodes digitalzone
[2022-02-21T00:02:21.723] [DEBUG] FabricGateway - queryInstantiatedChaincodes {
  chaincodes: [
    { name: 'token_erc721', version: '1' },
    { name: 'interval_random', version: '1' },
    { name: 'save_ipfs_hash', version: '1' }
  ],
  toJSON: null
}
[2022-02-21T00:02:21.732] [INFO] FabricGateway - queryInstantiatedChaincodes digitalzone
[2022-02-21T00:02:21.754] [DEBUG] FabricGateway - queryInstantiatedChaincodes {
  chaincodes: [
    { name: 'interval_random', version: '1' },
    { name: 'save_ipfs_hash', version: '1' },
    { name: 'token_erc721', version: '1' }
  ],
  toJSON: null
}
[2022-02-21T00:02:51.756] [INFO] SyncPlatform - Updating the client network and other details to DB
[2022-02-21T00:02:51.761] [DEBUG] FabricGateway - queryChannels ChannelQueryResponse {
  channels: [ ChannelInfo { channel_id: 'digitalzone' } ]
}
[2022-02-21T00:02:51.761] [INFO] SyncServices - SyncServices.synchNetworkConfigToDB client  test-network  channel_name  digitalzone
[2022-02-21T00:02:51.768] [DEBUG] FabricGateway - queryBlock {
  header: {
    number: Long { low: 0, high: 0, unsigned: true },
    previous_hash: <Buffer >,
    data_hash: <Buffer 90 3f 26 2f 14 a3 4b ef e1 23 c7 83 e8 c3 77 55 ca cf e9 b5 eb f2 1a 80 6d 73 b5 0a 1b c3 59 56>
  },
  data: { data: [ [Object] ] },
  metadata: { metadata: [ [Object], {}, [Array], {}, <Buffer > ] }
}
[2022-02-21T00:02:51.769] [INFO] FabricUtils - generateBlockHash 0
[2022-02-21T00:02:51.770] [DEBUG] FabricClient - initializeChannelFromDiscover  digitalzone
[2022-02-21T00:02:51.770] [INFO] FabricGateway - Sending discovery request...
[2022-02-21T00:02:51.776] [INFO] FabricGateway - Succeeded to send discovery request
[2022-02-21T00:02:51.776] [INFO] FabricClient - Discovered Org3MSP [
  {
    mspid: 'Org3MSP',
    endpoint: 'peer0.org3.example.com:11051',
    name: 'peer0.org3.example.com:11051',
    ledgerHeight: Long { low: 63, high: 0, unsigned: true },
    chaincodes: [ [Object], [Object], [Object], [Object] ]
  },
  {
    mspid: 'Org3MSP',
    endpoint: 'peer1.org3.example.com:12051',
    name: 'peer1.org3.example.com:12051',
    ledgerHeight: Long { low: 63, high: 0, unsigned: true },
    chaincodes: [ [Object] ]
  }
]
[2022-02-21T00:02:51.776] [INFO] FabricClient - Discovered Org4MSP [
  {
    mspid: 'Org4MSP',
    endpoint: 'peer1.org4.example.com:22051',
    name: 'peer1.org4.example.com:22051',
    ledgerHeight: Long { low: 63, high: 0, unsigned: true },
    chaincodes: [ [Object] ]
  },
  {
    mspid: 'Org4MSP',
    endpoint: 'peer0.org4.example.com:21051',
    name: 'peer0.org4.example.com:21051',
    ledgerHeight: Long { low: 63, high: 0, unsigned: true },
    chaincodes: [ [Object], [Object], [Object], [Object] ]
  }
]
[2022-02-21T00:02:51.776] [INFO] FabricClient - Discovered Org1MSP [
  {
    mspid: 'Org1MSP',
    endpoint: 'peer0.org1.example.com:7051',
    name: 'peer0.org1.example.com:7051',
    ledgerHeight: Long { low: 63, high: 0, unsigned: true },
    chaincodes: [ [Object], [Object], [Object], [Object] ]
  },
  {
    mspid: 'Org1MSP',
    endpoint: 'peer1.org1.example.com:8051',
    name: 'peer1.org1.example.com:8051',
    ledgerHeight: Long { low: 63, high: 0, unsigned: true },
    chaincodes: [ [Object] ]
  }
]
[2022-02-21T00:02:51.777] [INFO] FabricClient - Discovered Org2MSP [
  {
    mspid: 'Org2MSP',
    endpoint: 'peer0.org2.example.com:9051',
    name: 'peer0.org2.example.com:9051',
    ledgerHeight: Long { low: 63, high: 0, unsigned: true },
    chaincodes: [ [Object], [Object], [Object], [Object] ]
  },
  {
    mspid: 'Org2MSP',
    endpoint: 'peer1.org2.example.com:10051',
    name: 'peer1.org2.example.com:10051',
    ledgerHeight: Long { low: 63, high: 0, unsigned: true },
    chaincodes: [ [Object] ]
  }
]
[2022-02-21T00:02:51.787] [DEBUG] SyncServices - insertNewOrderers discoveryProtocol  grpcs  requesturl  orderer.example.com:7050
[2022-02-21T00:02:51.788] [DEBUG] SyncServices - insertNewOrderers discoveryProtocol  grpcs  requesturl  orderer2.example.com:8050
[2022-02-21T00:02:51.789] [DEBUG] SyncServices - insertNewOrderers discoveryProtocol  grpcs  requesturl  orderer3.example.com:9050
[2022-02-21T00:02:51.790] [INFO] FabricGateway - queryInstantiatedChaincodes digitalzone
[2022-02-21T00:02:51.831] [DEBUG] FabricGateway - queryInstantiatedChaincodes {
  chaincodes: [
    { name: 'interval_random', version: '1' },
    { name: 'save_ipfs_hash', version: '1' },
    { name: 'token_erc721', version: '1' }
  ],
  toJSON: null
}
[2022-02-21T00:02:51.836] [INFO] FabricGateway - queryInstantiatedChaincodes digitalzone
[2022-02-21T00:02:51.858] [DEBUG] FabricGateway - queryInstantiatedChaincodes {
  chaincodes: [
    { name: 'save_ipfs_hash', version: '1' },
    { name: 'token_erc721', version: '1' },
    { name: 'interval_random', version: '1' }
  ],
  toJSON: null
}
[2022-02-21T00:02:55.051] [DEBUG] FabricGateway - queryChainInfo BlockchainInfo {
  height: Long { low: 63, high: 0, unsigned: true },
  currentBlockHash: <Buffer 4c 40 11 27 59 a9 4c 45 ea ee 91 49 5d b9 27 69 e9 51 3f 0a 49 ea fa a1 52 aa 97 f7 23 40 be 01>,
  previousBlockHash: <Buffer f4 b1 43 1b b7 27 36 f5 3d f6 a6 45 36 49 b4 b7 fe 19 51 9a 28 24 f0 b6 9f 6f 7a 09 bf 21 e1 a3>
}
[2022-02-21T00:02:55.051] [INFO] SyncServices - syncBlocks: Start >> test-network_digitalzone
[2022-02-21T00:02:55.063] [DEBUG] FabricGateway - queryBlock {
  header: {
    number: Long { low: 0, high: 0, unsigned: true },
    previous_hash: <Buffer >,
    data_hash: <Buffer 90 3f 26 2f 14 a3 4b ef e1 23 c7 83 e8 c3 77 55 ca cf e9 b5 eb f2 1a 80 6d 73 b5 0a 1b c3 59 56>
  },
  data: { data: [ [Object] ] },
  metadata: { metadata: [ [Object], {}, [Array], {}, <Buffer > ] }
}
[2022-02-21T00:02:55.063] [DEBUG] SyncServices - New Block  >>>>>>> {"low":0,"high":0,"unsigned":true}
[2022-02-21T00:02:55.063] [ERROR] SyncServices - Failed to process Block # 0
[2022-02-21T00:02:55.073] [DEBUG] FabricGateway - queryBlock {
  header: {
    number: Long { low: 1, high: 0, unsigned: true },
    previous_hash: <Buffer 5e 14 0e 6a 63 c8 ef 95 6c 5d c2 f2 a2 48 35 aa 7e 3f 37 87 50 a8 af 5d 4c 71 53 79 a2 fe ac 07>,
    data_hash: <Buffer 69 d3 ba 5d ce 86 cf 09 d9 e1 c1 cf 95 e4 30 26 17 8c 39 b4 a5 bc d2 b4 50 78 6e 63 98 90 5a e3>
  },
  data: { data: [ [Object] ] },
  metadata: {
    metadata: [
      [Object],
      {},
      [Array],
      {},
      <Buffer 0a 20 47 dc 54 0c 94 ce b7 04 a2 38 75 c1 12 73 e1 6b b0 b8 a8 7a ed 84 de 91 1f 21 33 56 81 15 f2 54>
    ]
  }
}
[2022-02-21T00:02:55.073] [DEBUG] SyncServices - New Block  >>>>>>> {"low":1,"high":0,"unsigned":true}
[2022-02-21T00:02:55.074] [ERROR] SyncServices - Failed to process Block # 1
[2022-02-21T00:02:55.082] [DEBUG] FabricGateway - queryBlock {
  header: {
    number: Long { low: 2, high: 0, unsigned: true },
    previous_hash: <Buffer 7b a4 14 8f ef b4 40 12 7d 96 8b dd d8 47 4a 22 be d2 ab fc da 37 a9 2d 8a f5 06 09 f2 6e a5 37>,
    data_hash: <Buffer 86 7e 99 32 8c 03 db f5 e7 79 69 32 be bc 53 e4 c0 6e 5d d4 0c 76 4f 3e 52 e7 56 91 b6 07 2a a0>
  },
  data: { data: [ [Object] ] },
  metadata: {
    metadata: [
      [Object],
      {},
      [Array],
      {},
      <Buffer 0a 20 5f 88 b6 14 07 b1 49 a4 84 13 43 3f 46 70 c4 65 31 e5 c4 a8 fe bd c3 39 a9 53 6f f8 71 6a 55 9e>
    ]
  }
}
[2022-02-21T00:02:55.082] [DEBUG] SyncServices - New Block  >>>>>>> {"low":2,"high":0,"unsigned":true}
[2022-02-21T00:02:55.082] [ERROR] SyncServices - Failed to process Block # 2
[2022-02-21T00:02:55.091] [DEBUG] FabricGateway - queryBlock {
  header: {
    number: Long { low: 3, high: 0, unsigned: true },
    previous_hash: <Buffer 36 8f 92 c0 e1 06 4d 8d 5f c0 ab ab a3 c6 a9 08 fa 82 55 76 51 40 9c d2 af bb 89 91 69 7f 91 9e>,
    data_hash: <Buffer ab 63 73 4d 3c 77 85 26 4c fe 86 26 db c3 a2 4a da 0e d9 94 15 e8 20 9e 6c 5e f4 71 79 42 5f 47>
  },
  data: { data: [ [Object] ] },
  metadata: {
    metadata: [
      [Object],
      {},
      [Array],
      {},
      <Buffer 0a 20 37 be 53 32 b9 30 0e f2 e3 01 f0 e0 e5 38 5a 0a 72 9d 3f ef 5c 9e a4 a7 bd 47 66 bb 91 99 8a 31>
    ]
  }
}
[2022-02-21T00:02:55.091] [DEBUG] SyncServices - New Block  >>>>>>> {"low":3,"high":0,"unsigned":true}
[2022-02-21T00:02:55.091] [ERROR] SyncServices - Failed to process Block # 3
[2022-02-21T00:02:55.100] [DEBUG] FabricGateway - queryBlock {
  header: {
    number: Long { low: 4, high: 0, unsigned: true },
    previous_hash: <Buffer 92 c4 d6 28 84 a1 14 b9 37 57 e7 72 62 55 45 c1 b4 7f 3a 1d ae e8 eb db 60 2e 84 9e df 3f ed 21>,
    data_hash: <Buffer dc 2b bf 83 5f e5 0e f3 59 08 eb 7a 01 8b 32 eb 8b 1d 40 33 a6 2c d8 de ef 92 47 e8 8a 2c d8 ff>
  },
  data: { data: [ [Object] ] },
  metadata: {
    metadata: [
      [Object],
      {},
      [Array],
      {},
      <Buffer 0a 20 76 9e e3 b6 b7 bb c2 ce 4c 97 55 91 80 af f3 f5 dc 08 d9 ed df e3 3b 9a b2 4a e6 cc 76 ca c8 de>
    ]
  }
}
[2022-02-21T00:02:55.100] [DEBUG] SyncServices - New Block  >>>>>>> {"low":4,"high":0,"unsigned":true}
[2022-02-21T00:02:55.100] [ERROR] SyncServices - Failed to process Block # 4
[2022-02-21T00:02:55.100] [INFO] SyncServices - syncBlocks: Finish >> test-network_digitalzone
[2022-02-21T00:03:21.868] [INFO] SyncPlatform - Updating the client network and other details to DB
[2022-02-21T00:03:21.872] [DEBUG] FabricGateway - queryChannels ChannelQueryResponse {
  channels: [ ChannelInfo { channel_id: 'digitalzone' } ]
}
[2022-02-21T00:03:21.873] [INFO] SyncServices - SyncServices.synchNetworkConfigToDB client  test-network  channel_name  digitalzone
[2022-02-21T00:03:21.880] [DEBUG] FabricGateway - queryBlock {
  header: {
    number: Long { low: 0, high: 0, unsigned: true },
    previous_hash: <Buffer >,
    data_hash: <Buffer 90 3f 26 2f 14 a3 4b ef e1 23 c7 83 e8 c3 77 55 ca cf e9 b5 eb f2 1a 80 6d 73 b5 0a 1b c3 59 56>
  },
  data: { data: [ [Object] ] },
  metadata: { metadata: [ [Object], {}, [Array], {}, <Buffer > ] }
}
[2022-02-21T00:03:21.880] [INFO] FabricUtils - generateBlockHash 0
[2022-02-21T00:03:21.881] [DEBUG] FabricClient - initializeChannelFromDiscover  digitalzone
[2022-02-21T00:03:21.881] [INFO] FabricGateway - Sending discovery request...
[2022-02-21T00:03:21.888] [INFO] FabricGateway - Succeeded to send discovery request
[2022-02-21T00:03:21.888] [INFO] FabricClient - Discovered Org1MSP [
  {
    mspid: 'Org1MSP',
    endpoint: 'peer0.org1.example.com:7051',
    name: 'peer0.org1.example.com:7051',
    ledgerHeight: Long { low: 63, high: 0, unsigned: true },
    chaincodes: [ [Object], [Object], [Object], [Object] ]
  },
  {
    mspid: 'Org1MSP',
    endpoint: 'peer1.org1.example.com:8051',
    name: 'peer1.org1.example.com:8051',
    ledgerHeight: Long { low: 63, high: 0, unsigned: true },
    chaincodes: [ [Object] ]
  }
]
[2022-02-21T00:03:21.888] [INFO] FabricClient - Discovered Org2MSP [
  {
    mspid: 'Org2MSP',
    endpoint: 'peer0.org2.example.com:9051',
    name: 'peer0.org2.example.com:9051',
    ledgerHeight: Long { low: 63, high: 0, unsigned: true },
    chaincodes: [ [Object], [Object], [Object], [Object] ]
  },
  {
    mspid: 'Org2MSP',
    endpoint: 'peer1.org2.example.com:10051',
    name: 'peer1.org2.example.com:10051',
    ledgerHeight: Long { low: 63, high: 0, unsigned: true },
    chaincodes: [ [Object] ]
  }
]
[2022-02-21T00:03:21.888] [INFO] FabricClient - Discovered Org3MSP [
  {
    mspid: 'Org3MSP',
    endpoint: 'peer0.org3.example.com:11051',
    name: 'peer0.org3.example.com:11051',
    ledgerHeight: Long { low: 63, high: 0, unsigned: true },
    chaincodes: [ [Object], [Object], [Object], [Object] ]
  },
  {
    mspid: 'Org3MSP',
    endpoint: 'peer1.org3.example.com:12051',
    name: 'peer1.org3.example.com:12051',
    ledgerHeight: Long { low: 63, high: 0, unsigned: true },
    chaincodes: [ [Object] ]
  }
]
[2022-02-21T00:03:21.888] [INFO] FabricClient - Discovered Org4MSP [
  {
    mspid: 'Org4MSP',
    endpoint: 'peer0.org4.example.com:21051',
    name: 'peer0.org4.example.com:21051',
    ledgerHeight: Long { low: 63, high: 0, unsigned: true },
    chaincodes: [ [Object], [Object], [Object], [Object] ]
  },
  {
    mspid: 'Org4MSP',
    endpoint: 'peer1.org4.example.com:22051',
    name: 'peer1.org4.example.com:22051',
    ledgerHeight: Long { low: 63, high: 0, unsigned: true },
    chaincodes: [ [Object] ]
  }
]
[2022-02-21T00:03:21.896] [DEBUG] SyncServices - insertNewOrderers discoveryProtocol  grpcs  requesturl  orderer.example.com:7050
[2022-02-21T00:03:21.898] [DEBUG] SyncServices - insertNewOrderers discoveryProtocol  grpcs  requesturl  orderer2.example.com:8050
[2022-02-21T00:03:21.898] [DEBUG] SyncServices - insertNewOrderers discoveryProtocol  grpcs  requesturl  orderer3.example.com:9050
[2022-02-21T00:03:21.899] [INFO] FabricGateway - queryInstantiatedChaincodes digitalzone
[2022-02-21T00:03:21.919] [DEBUG] FabricGateway - queryInstantiatedChaincodes {
  chaincodes: [
    { name: 'token_erc721', version: '1' },
    { name: 'interval_random', version: '1' },
    { name: 'save_ipfs_hash', version: '1' }
  ],
  toJSON: null
}
[2022-02-21T00:03:21.923] [INFO] FabricGateway - queryInstantiatedChaincodes digitalzone
[2022-02-21T00:03:21.941] [DEBUG] FabricGateway - queryInstantiatedChaincodes {
  chaincodes: [
    { name: 'interval_random', version: '1' },
    { name: 'save_ipfs_hash', version: '1' },
    { name: 'token_erc721', version: '1' }
  ],
  toJSON: null
}
[2022-02-21T00:03:51.952] [INFO] SyncPlatform - Updating the client network and other details to DB
[2022-02-21T00:03:51.957] [DEBUG] FabricGateway - queryChannels ChannelQueryResponse {
  channels: [ ChannelInfo { channel_id: 'digitalzone' } ]
}
[2022-02-21T00:03:51.957] [INFO] SyncServices - SyncServices.synchNetworkConfigToDB client  test-network  channel_name  digitalzone
[2022-02-21T00:03:51.963] [DEBUG] FabricGateway - queryBlock {
  header: {
    number: Long { low: 0, high: 0, unsigned: true },
    previous_hash: <Buffer >,
    data_hash: <Buffer 90 3f 26 2f 14 a3 4b ef e1 23 c7 83 e8 c3 77 55 ca cf e9 b5 eb f2 1a 80 6d 73 b5 0a 1b c3 59 56>
  },
  data: { data: [ [Object] ] },
  metadata: { metadata: [ [Object], {}, [Array], {}, <Buffer > ] }
}
[2022-02-21T00:03:51.963] [INFO] FabricUtils - generateBlockHash 0
[2022-02-21T00:03:51.964] [DEBUG] FabricClient - initializeChannelFromDiscover  digitalzone
[2022-02-21T00:03:51.964] [INFO] FabricGateway - Sending discovery request...
[2022-02-21T00:03:51.970] [INFO] FabricGateway - Succeeded to send discovery request
[2022-02-21T00:03:51.970] [INFO] FabricClient - Discovered Org4MSP [
  {
    mspid: 'Org4MSP',
    endpoint: 'peer1.org4.example.com:22051',
    name: 'peer1.org4.example.com:22051',
    ledgerHeight: Long { low: 63, high: 0, unsigned: true },
    chaincodes: [ [Object] ]
  },
  {
    mspid: 'Org4MSP',
    endpoint: 'peer0.org4.example.com:21051',
    name: 'peer0.org4.example.com:21051',
    ledgerHeight: Long { low: 63, high: 0, unsigned: true },
    chaincodes: [ [Object], [Object], [Object], [Object] ]
  }
]
[2022-02-21T00:03:51.970] [INFO] FabricClient - Discovered Org1MSP [
  {
    mspid: 'Org1MSP',
    endpoint: 'peer0.org1.example.com:7051',
    name: 'peer0.org1.example.com:7051',
    ledgerHeight: Long { low: 63, high: 0, unsigned: true },
    chaincodes: [ [Object], [Object], [Object], [Object] ]
  },
  {
    mspid: 'Org1MSP',
    endpoint: 'peer1.org1.example.com:8051',
    name: 'peer1.org1.example.com:8051',
    ledgerHeight: Long { low: 63, high: 0, unsigned: true },
    chaincodes: [ [Object] ]
  }
]
[2022-02-21T00:03:51.970] [INFO] FabricClient - Discovered Org2MSP [
  {
    mspid: 'Org2MSP',
    endpoint: 'peer0.org2.example.com:9051',
    name: 'peer0.org2.example.com:9051',
    ledgerHeight: Long { low: 63, high: 0, unsigned: true },
    chaincodes: [ [Object], [Object], [Object], [Object] ]
  },
  {
    mspid: 'Org2MSP',
    endpoint: 'peer1.org2.example.com:10051',
    name: 'peer1.org2.example.com:10051',
    ledgerHeight: Long { low: 63, high: 0, unsigned: true },
    chaincodes: [ [Object] ]
  }
]
[2022-02-21T00:03:51.971] [INFO] FabricClient - Discovered Org3MSP [
  {
    mspid: 'Org3MSP',
    endpoint: 'peer0.org3.example.com:11051',
    name: 'peer0.org3.example.com:11051',
    ledgerHeight: Long { low: 63, high: 0, unsigned: true },
    chaincodes: [ [Object], [Object], [Object], [Object] ]
  },
  {
    mspid: 'Org3MSP',
    endpoint: 'peer1.org3.example.com:12051',
    name: 'peer1.org3.example.com:12051',
    ledgerHeight: Long { low: 63, high: 0, unsigned: true },
    chaincodes: [ [Object] ]
  }
]
[2022-02-21T00:03:51.975] [DEBUG] SyncServices - insertNewOrderers discoveryProtocol  grpcs  requesturl  orderer.example.com:7050
[2022-02-21T00:03:51.975] [DEBUG] SyncServices - insertNewOrderers discoveryProtocol  grpcs  requesturl  orderer2.example.com:8050
[2022-02-21T00:03:51.976] [DEBUG] SyncServices - insertNewOrderers discoveryProtocol  grpcs  requesturl  orderer3.example.com:9050
[2022-02-21T00:03:51.976] [INFO] FabricGateway - queryInstantiatedChaincodes digitalzone
[2022-02-21T00:03:51.994] [DEBUG] FabricGateway - queryInstantiatedChaincodes {
  chaincodes: [
    { name: 'token_erc721', version: '1' },
    { name: 'interval_random', version: '1' },
    { name: 'save_ipfs_hash', version: '1' }
  ],
  toJSON: null
}
[2022-02-21T00:03:52.000] [INFO] FabricGateway - queryInstantiatedChaincodes digitalzone
[2022-02-21T00:03:52.017] [DEBUG] FabricGateway - queryInstantiatedChaincodes {
  chaincodes: [
    { name: 'interval_random', version: '1' },
    { name: 'save_ipfs_hash', version: '1' },
    { name: 'token_erc721', version: '1' }
  ],
  toJSON: null
}
[2022-02-21T00:03:55.051] [DEBUG] FabricGateway - queryChainInfo BlockchainInfo {
  height: Long { low: 63, high: 0, unsigned: true },
  currentBlockHash: <Buffer 4c 40 11 27 59 a9 4c 45 ea ee 91 49 5d b9 27 69 e9 51 3f 0a 49 ea fa a1 52 aa 97 f7 23 40 be 01>,
  previousBlockHash: <Buffer f4 b1 43 1b b7 27 36 f5 3d f6 a6 45 36 49 b4 b7 fe 19 51 9a 28 24 f0 b6 9f 6f 7a 09 bf 21 e1 a3>
}
[2022-02-21T00:03:55.052] [INFO] SyncServices - syncBlocks: Start >> test-network_digitalzone
[2022-02-21T00:03:55.062] [DEBUG] FabricGateway - queryBlock {
  header: {
    number: Long { low: 0, high: 0, unsigned: true },
    previous_hash: <Buffer >,
    data_hash: <Buffer 90 3f 26 2f 14 a3 4b ef e1 23 c7 83 e8 c3 77 55 ca cf e9 b5 eb f2 1a 80 6d 73 b5 0a 1b c3 59 56>
  },
  data: { data: [ [Object] ] },
  metadata: { metadata: [ [Object], {}, [Array], {}, <Buffer > ] }
}
[2022-02-21T00:03:55.063] [DEBUG] SyncServices - New Block  >>>>>>> {"low":0,"high":0,"unsigned":true}
[2022-02-21T00:03:55.063] [ERROR] SyncServices - Failed to process Block # 0
[2022-02-21T00:03:55.072] [DEBUG] FabricGateway - queryBlock {
  header: {
    number: Long { low: 1, high: 0, unsigned: true },
    previous_hash: <Buffer 5e 14 0e 6a 63 c8 ef 95 6c 5d c2 f2 a2 48 35 aa 7e 3f 37 87 50 a8 af 5d 4c 71 53 79 a2 fe ac 07>,
    data_hash: <Buffer 69 d3 ba 5d ce 86 cf 09 d9 e1 c1 cf 95 e4 30 26 17 8c 39 b4 a5 bc d2 b4 50 78 6e 63 98 90 5a e3>
  },
  data: { data: [ [Object] ] },
  metadata: {
    metadata: [
      [Object],
      {},
      [Array],
      {},
      <Buffer 0a 20 47 dc 54 0c 94 ce b7 04 a2 38 75 c1 12 73 e1 6b b0 b8 a8 7a ed 84 de 91 1f 21 33 56 81 15 f2 54>
    ]
  }
}
[2022-02-21T00:03:55.072] [DEBUG] SyncServices - New Block  >>>>>>> {"low":1,"high":0,"unsigned":true}
[2022-02-21T00:03:55.072] [ERROR] SyncServices - Failed to process Block # 1
[2022-02-21T00:03:55.081] [DEBUG] FabricGateway - queryBlock {
  header: {
    number: Long { low: 2, high: 0, unsigned: true },
    previous_hash: <Buffer 7b a4 14 8f ef b4 40 12 7d 96 8b dd d8 47 4a 22 be d2 ab fc da 37 a9 2d 8a f5 06 09 f2 6e a5 37>,
    data_hash: <Buffer 86 7e 99 32 8c 03 db f5 e7 79 69 32 be bc 53 e4 c0 6e 5d d4 0c 76 4f 3e 52 e7 56 91 b6 07 2a a0>
  },
  data: { data: [ [Object] ] },
  metadata: {
    metadata: [
      [Object],
      {},
      [Array],
      {},
      <Buffer 0a 20 5f 88 b6 14 07 b1 49 a4 84 13 43 3f 46 70 c4 65 31 e5 c4 a8 fe bd c3 39 a9 53 6f f8 71 6a 55 9e>
    ]
  }
}
[2022-02-21T00:03:55.081] [DEBUG] SyncServices - New Block  >>>>>>> {"low":2,"high":0,"unsigned":true}
[2022-02-21T00:03:55.081] [ERROR] SyncServices - Failed to process Block # 2
[2022-02-21T00:03:55.090] [DEBUG] FabricGateway - queryBlock {
  header: {
    number: Long { low: 3, high: 0, unsigned: true },
    previous_hash: <Buffer 36 8f 92 c0 e1 06 4d 8d 5f c0 ab ab a3 c6 a9 08 fa 82 55 76 51 40 9c d2 af bb 89 91 69 7f 91 9e>,
    data_hash: <Buffer ab 63 73 4d 3c 77 85 26 4c fe 86 26 db c3 a2 4a da 0e d9 94 15 e8 20 9e 6c 5e f4 71 79 42 5f 47>
  },
  data: { data: [ [Object] ] },
  metadata: {
    metadata: [
      [Object],
      {},
      [Array],
      {},
      <Buffer 0a 20 37 be 53 32 b9 30 0e f2 e3 01 f0 e0 e5 38 5a 0a 72 9d 3f ef 5c 9e a4 a7 bd 47 66 bb 91 99 8a 31>
    ]
  }
}
[2022-02-21T00:03:55.090] [DEBUG] SyncServices - New Block  >>>>>>> {"low":3,"high":0,"unsigned":true}
[2022-02-21T00:03:55.090] [ERROR] SyncServices - Failed to process Block # 3
[2022-02-21T00:03:55.097] [DEBUG] FabricGateway - queryBlock {
  header: {
    number: Long { low: 4, high: 0, unsigned: true },
    previous_hash: <Buffer 92 c4 d6 28 84 a1 14 b9 37 57 e7 72 62 55 45 c1 b4 7f 3a 1d ae e8 eb db 60 2e 84 9e df 3f ed 21>,
    data_hash: <Buffer dc 2b bf 83 5f e5 0e f3 59 08 eb 7a 01 8b 32 eb 8b 1d 40 33 a6 2c d8 de ef 92 47 e8 8a 2c d8 ff>
  },
  data: { data: [ [Object] ] },
  metadata: {
    metadata: [
      [Object],
      {},
      [Array],
      {},
      <Buffer 0a 20 76 9e e3 b6 b7 bb c2 ce 4c 97 55 91 80 af f3 f5 dc 08 d9 ed df e3 3b 9a b2 4a e6 cc 76 ca c8 de>
    ]
  }
}
[2022-02-21T00:03:55.098] [DEBUG] SyncServices - New Block  >>>>>>> {"low":4,"high":0,"unsigned":true}
[2022-02-21T00:03:55.098] [ERROR] SyncServices - Failed to process Block # 4
[2022-02-21T00:03:55.098] [INFO] SyncServices - syncBlocks: Finish >> test-network_digitalzone
[2022-02-21T00:04:22.027] [INFO] SyncPlatform - Updating the client network and other details to DB
[2022-02-21T00:04:22.033] [DEBUG] FabricGateway - queryChannels ChannelQueryResponse {
  channels: [ ChannelInfo { channel_id: 'digitalzone' } ]
}
[2022-02-21T00:04:22.033] [INFO] SyncServices - SyncServices.synchNetworkConfigToDB client  test-network  channel_name  digitalzone
[2022-02-21T00:04:22.039] [DEBUG] FabricGateway - queryBlock {
  header: {
    number: Long { low: 0, high: 0, unsigned: true },
    previous_hash: <Buffer >,
    data_hash: <Buffer 90 3f 26 2f 14 a3 4b ef e1 23 c7 83 e8 c3 77 55 ca cf e9 b5 eb f2 1a 80 6d 73 b5 0a 1b c3 59 56>
  },
  data: { data: [ [Object] ] },
  metadata: { metadata: [ [Object], {}, [Array], {}, <Buffer > ] }
}
[2022-02-21T00:04:22.039] [INFO] FabricUtils - generateBlockHash 0
[2022-02-21T00:04:22.040] [DEBUG] FabricClient - initializeChannelFromDiscover  digitalzone
[2022-02-21T00:04:22.041] [INFO] FabricGateway - Sending discovery request...
[2022-02-21T00:04:22.047] [INFO] FabricGateway - Succeeded to send discovery request
[2022-02-21T00:04:22.047] [INFO] FabricClient - Discovered Org2MSP [
  {
    mspid: 'Org2MSP',
    endpoint: 'peer0.org2.example.com:9051',
    name: 'peer0.org2.example.com:9051',
    ledgerHeight: Long { low: 63, high: 0, unsigned: true },
    chaincodes: [ [Object], [Object], [Object], [Object] ]
  },
  {
    mspid: 'Org2MSP',
    endpoint: 'peer1.org2.example.com:10051',
    name: 'peer1.org2.example.com:10051',
    ledgerHeight: Long { low: 63, high: 0, unsigned: true },
    chaincodes: [ [Object] ]
  }
]
[2022-02-21T00:04:22.047] [INFO] FabricClient - Discovered Org3MSP [
  {
    mspid: 'Org3MSP',
    endpoint: 'peer0.org3.example.com:11051',
    name: 'peer0.org3.example.com:11051',
    ledgerHeight: Long { low: 63, high: 0, unsigned: true },
    chaincodes: [ [Object], [Object], [Object], [Object] ]
  },
  {
    mspid: 'Org3MSP',
    endpoint: 'peer1.org3.example.com:12051',
    name: 'peer1.org3.example.com:12051',
    ledgerHeight: Long { low: 63, high: 0, unsigned: true },
    chaincodes: [ [Object] ]
  }
]
[2022-02-21T00:04:22.047] [INFO] FabricClient - Discovered Org4MSP [
  {
    mspid: 'Org4MSP',
    endpoint: 'peer0.org4.example.com:21051',
    name: 'peer0.org4.example.com:21051',
    ledgerHeight: Long { low: 63, high: 0, unsigned: true },
    chaincodes: [ [Object], [Object], [Object], [Object] ]
  },
  {
    mspid: 'Org4MSP',
    endpoint: 'peer1.org4.example.com:22051',
    name: 'peer1.org4.example.com:22051',
    ledgerHeight: Long { low: 63, high: 0, unsigned: true },
    chaincodes: [ [Object] ]
  }
]
[2022-02-21T00:04:22.047] [INFO] FabricClient - Discovered Org1MSP [
  {
    mspid: 'Org1MSP',
    endpoint: 'peer1.org1.example.com:8051',
    name: 'peer1.org1.example.com:8051',
    ledgerHeight: Long { low: 63, high: 0, unsigned: true },
    chaincodes: [ [Object] ]
  },
  {
    mspid: 'Org1MSP',
    endpoint: 'peer0.org1.example.com:7051',
    name: 'peer0.org1.example.com:7051',
    ledgerHeight: Long { low: 63, high: 0, unsigned: true },
    chaincodes: [ [Object], [Object], [Object], [Object] ]
  }
]
[2022-02-21T00:04:22.052] [DEBUG] SyncServices - insertNewOrderers discoveryProtocol  grpcs  requesturl  orderer.example.com:7050
[2022-02-21T00:04:22.053] [DEBUG] SyncServices - insertNewOrderers discoveryProtocol  grpcs  requesturl  orderer2.example.com:8050
[2022-02-21T00:04:22.054] [DEBUG] SyncServices - insertNewOrderers discoveryProtocol  grpcs  requesturl  orderer3.example.com:9050
[2022-02-21T00:04:22.054] [INFO] FabricGateway - queryInstantiatedChaincodes digitalzone
[2022-02-21T00:04:22.077] [DEBUG] FabricGateway - queryInstantiatedChaincodes {
  chaincodes: [
    { name: 'interval_random', version: '1' },
    { name: 'save_ipfs_hash', version: '1' },
    { name: 'token_erc721', version: '1' }
  ],
  toJSON: null
}
[2022-02-21T00:04:22.081] [INFO] FabricGateway - queryInstantiatedChaincodes digitalzone
[2022-02-21T00:04:22.100] [DEBUG] FabricGateway - queryInstantiatedChaincodes {
  chaincodes: [
    { name: 'token_erc721', version: '1' },
    { name: 'interval_random', version: '1' },
    { name: 'save_ipfs_hash', version: '1' }
  ],
  toJSON: null
}
[2022-02-21T00:04:52.102] [INFO] SyncPlatform - Updating the client network and other details to DB
[2022-02-21T00:04:52.107] [DEBUG] FabricGateway - queryChannels ChannelQueryResponse {
  channels: [ ChannelInfo { channel_id: 'digitalzone' } ]
}
[2022-02-21T00:04:52.107] [INFO] SyncServices - SyncServices.synchNetworkConfigToDB client  test-network  channel_name  digitalzone
[2022-02-21T00:04:52.114] [DEBUG] FabricGateway - queryBlock {
  header: {
    number: Long { low: 0, high: 0, unsigned: true },
    previous_hash: <Buffer >,
    data_hash: <Buffer 90 3f 26 2f 14 a3 4b ef e1 23 c7 83 e8 c3 77 55 ca cf e9 b5 eb f2 1a 80 6d 73 b5 0a 1b c3 59 56>
  },
  data: { data: [ [Object] ] },
  metadata: { metadata: [ [Object], {}, [Array], {}, <Buffer > ] }
}
[2022-02-21T00:04:52.114] [INFO] FabricUtils - generateBlockHash 0
[2022-02-21T00:04:52.115] [DEBUG] FabricClient - initializeChannelFromDiscover  digitalzone
[2022-02-21T00:04:52.115] [INFO] FabricGateway - Sending discovery request...
[2022-02-21T00:04:52.121] [INFO] FabricGateway - Succeeded to send discovery request
[2022-02-21T00:04:52.121] [INFO] FabricClient - Discovered Org1MSP [
  {
    mspid: 'Org1MSP',
    endpoint: 'peer0.org1.example.com:7051',
    name: 'peer0.org1.example.com:7051',
    ledgerHeight: Long { low: 63, high: 0, unsigned: true },
    chaincodes: [ [Object], [Object], [Object], [Object] ]
  },
  {
    mspid: 'Org1MSP',
    endpoint: 'peer1.org1.example.com:8051',
    name: 'peer1.org1.example.com:8051',
    ledgerHeight: Long { low: 63, high: 0, unsigned: true },
    chaincodes: [ [Object] ]
  }
]
[2022-02-21T00:04:52.122] [INFO] FabricClient - Discovered Org2MSP [
  {
    mspid: 'Org2MSP',
    endpoint: 'peer0.org2.example.com:9051',
    name: 'peer0.org2.example.com:9051',
    ledgerHeight: Long { low: 63, high: 0, unsigned: true },
    chaincodes: [ [Object], [Object], [Object], [Object] ]
  },
  {
    mspid: 'Org2MSP',
    endpoint: 'peer1.org2.example.com:10051',
    name: 'peer1.org2.example.com:10051',
    ledgerHeight: Long { low: 63, high: 0, unsigned: true },
    chaincodes: [ [Object] ]
  }
]
[2022-02-21T00:04:52.122] [INFO] FabricClient - Discovered Org3MSP [
  {
    mspid: 'Org3MSP',
    endpoint: 'peer0.org3.example.com:11051',
    name: 'peer0.org3.example.com:11051',
    ledgerHeight: Long { low: 63, high: 0, unsigned: true },
    chaincodes: [ [Object], [Object], [Object], [Object] ]
  },
  {
    mspid: 'Org3MSP',
    endpoint: 'peer1.org3.example.com:12051',
    name: 'peer1.org3.example.com:12051',
    ledgerHeight: Long { low: 63, high: 0, unsigned: true },
    chaincodes: [ [Object] ]
  }
]
[2022-02-21T00:04:52.122] [INFO] FabricClient - Discovered Org4MSP [
  {
    mspid: 'Org4MSP',
    endpoint: 'peer1.org4.example.com:22051',
    name: 'peer1.org4.example.com:22051',
    ledgerHeight: Long { low: 63, high: 0, unsigned: true },
    chaincodes: [ [Object] ]
  },
  {
    mspid: 'Org4MSP',
    endpoint: 'peer0.org4.example.com:21051',
    name: 'peer0.org4.example.com:21051',
    ledgerHeight: Long { low: 63, high: 0, unsigned: true },
    chaincodes: [ [Object], [Object], [Object], [Object] ]
  }
]
[2022-02-21T00:04:52.126] [DEBUG] SyncServices - insertNewOrderers discoveryProtocol  grpcs  requesturl  orderer.example.com:7050
[2022-02-21T00:04:52.127] [DEBUG] SyncServices - insertNewOrderers discoveryProtocol  grpcs  requesturl  orderer2.example.com:8050
[2022-02-21T00:04:52.127] [DEBUG] SyncServices - insertNewOrderers discoveryProtocol  grpcs  requesturl  orderer3.example.com:9050
[2022-02-21T00:04:52.128] [INFO] FabricGateway - queryInstantiatedChaincodes digitalzone
[2022-02-21T00:04:52.148] [DEBUG] FabricGateway - queryInstantiatedChaincodes {
  chaincodes: [
    { name: 'token_erc721', version: '1' },
    { name: 'interval_random', version: '1' },
    { name: 'save_ipfs_hash', version: '1' }
  ],
  toJSON: null
}
[2022-02-21T00:04:52.152] [INFO] FabricGateway - queryInstantiatedChaincodes digitalzone
[2022-02-21T00:04:52.170] [DEBUG] FabricGateway - queryInstantiatedChaincodes {
  chaincodes: [
    { name: 'interval_random', version: '1' },
    { name: 'save_ipfs_hash', version: '1' },
    { name: 'token_erc721', version: '1' }
  ],
  toJSON: null
}
[2022-02-21T00:04:55.053] [DEBUG] FabricGateway - queryChainInfo BlockchainInfo {
  height: Long { low: 63, high: 0, unsigned: true },
  currentBlockHash: <Buffer 4c 40 11 27 59 a9 4c 45 ea ee 91 49 5d b9 27 69 e9 51 3f 0a 49 ea fa a1 52 aa 97 f7 23 40 be 01>,
  previousBlockHash: <Buffer f4 b1 43 1b b7 27 36 f5 3d f6 a6 45 36 49 b4 b7 fe 19 51 9a 28 24 f0 b6 9f 6f 7a 09 bf 21 e1 a3>
}
[2022-02-21T00:04:55.053] [INFO] SyncServices - syncBlocks: Start >> test-network_digitalzone
[2022-02-21T00:04:55.063] [DEBUG] FabricGateway - queryBlock {
  header: {
    number: Long { low: 0, high: 0, unsigned: true },
    previous_hash: <Buffer >,
    data_hash: <Buffer 90 3f 26 2f 14 a3 4b ef e1 23 c7 83 e8 c3 77 55 ca cf e9 b5 eb f2 1a 80 6d 73 b5 0a 1b c3 59 56>
  },
  data: { data: [ [Object] ] },
  metadata: { metadata: [ [Object], {}, [Array], {}, <Buffer > ] }
}
[2022-02-21T00:04:55.064] [DEBUG] SyncServices - New Block  >>>>>>> {"low":0,"high":0,"unsigned":true}
[2022-02-21T00:04:55.064] [ERROR] SyncServices - Failed to process Block # 0
[2022-02-21T00:04:55.073] [DEBUG] FabricGateway - queryBlock {
  header: {
    number: Long { low: 1, high: 0, unsigned: true },
    previous_hash: <Buffer 5e 14 0e 6a 63 c8 ef 95 6c 5d c2 f2 a2 48 35 aa 7e 3f 37 87 50 a8 af 5d 4c 71 53 79 a2 fe ac 07>,
    data_hash: <Buffer 69 d3 ba 5d ce 86 cf 09 d9 e1 c1 cf 95 e4 30 26 17 8c 39 b4 a5 bc d2 b4 50 78 6e 63 98 90 5a e3>
  },
  data: { data: [ [Object] ] },
  metadata: {
    metadata: [
      [Object],
      {},
      [Array],
      {},
      <Buffer 0a 20 47 dc 54 0c 94 ce b7 04 a2 38 75 c1 12 73 e1 6b b0 b8 a8 7a ed 84 de 91 1f 21 33 56 81 15 f2 54>
    ]
  }
}
[2022-02-21T00:04:55.073] [DEBUG] SyncServices - New Block  >>>>>>> {"low":1,"high":0,"unsigned":true}
[2022-02-21T00:04:55.074] [ERROR] SyncServices - Failed to process Block # 1
[2022-02-21T00:04:55.087] [DEBUG] FabricGateway - queryBlock {
  header: {
    number: Long { low: 2, high: 0, unsigned: true },
    previous_hash: <Buffer 7b a4 14 8f ef b4 40 12 7d 96 8b dd d8 47 4a 22 be d2 ab fc da 37 a9 2d 8a f5 06 09 f2 6e a5 37>,
    data_hash: <Buffer 86 7e 99 32 8c 03 db f5 e7 79 69 32 be bc 53 e4 c0 6e 5d d4 0c 76 4f 3e 52 e7 56 91 b6 07 2a a0>
  },
  data: { data: [ [Object] ] },
  metadata: {
    metadata: [
      [Object],
      {},
      [Array],
      {},
      <Buffer 0a 20 5f 88 b6 14 07 b1 49 a4 84 13 43 3f 46 70 c4 65 31 e5 c4 a8 fe bd c3 39 a9 53 6f f8 71 6a 55 9e>
    ]
  }
}
[2022-02-21T00:04:55.087] [DEBUG] SyncServices - New Block  >>>>>>> {"low":2,"high":0,"unsigned":true}
[2022-02-21T00:04:55.087] [ERROR] SyncServices - Failed to process Block # 2
[2022-02-21T00:04:55.102] [DEBUG] FabricGateway - queryBlock {
  header: {
    number: Long { low: 3, high: 0, unsigned: true },
    previous_hash: <Buffer 36 8f 92 c0 e1 06 4d 8d 5f c0 ab ab a3 c6 a9 08 fa 82 55 76 51 40 9c d2 af bb 89 91 69 7f 91 9e>,
    data_hash: <Buffer ab 63 73 4d 3c 77 85 26 4c fe 86 26 db c3 a2 4a da 0e d9 94 15 e8 20 9e 6c 5e f4 71 79 42 5f 47>
  },
  data: { data: [ [Object] ] },
  metadata: {
    metadata: [
      [Object],
      {},
      [Array],
      {},
      <Buffer 0a 20 37 be 53 32 b9 30 0e f2 e3 01 f0 e0 e5 38 5a 0a 72 9d 3f ef 5c 9e a4 a7 bd 47 66 bb 91 99 8a 31>
    ]
  }
}
[2022-02-21T00:04:55.102] [DEBUG] SyncServices - New Block  >>>>>>> {"low":3,"high":0,"unsigned":true}
[2022-02-21T00:04:55.102] [ERROR] SyncServices - Failed to process Block # 3
[2022-02-21T00:04:55.110] [DEBUG] FabricGateway - queryBlock {
  header: {
    number: Long { low: 4, high: 0, unsigned: true },
    previous_hash: <Buffer 92 c4 d6 28 84 a1 14 b9 37 57 e7 72 62 55 45 c1 b4 7f 3a 1d ae e8 eb db 60 2e 84 9e df 3f ed 21>,
    data_hash: <Buffer dc 2b bf 83 5f e5 0e f3 59 08 eb 7a 01 8b 32 eb 8b 1d 40 33 a6 2c d8 de ef 92 47 e8 8a 2c d8 ff>
  },
  data: { data: [ [Object] ] },
  metadata: {
    metadata: [
      [Object],
      {},
      [Array],
      {},
      <Buffer 0a 20 76 9e e3 b6 b7 bb c2 ce 4c 97 55 91 80 af f3 f5 dc 08 d9 ed df e3 3b 9a b2 4a e6 cc 76 ca c8 de>
    ]
  }
}
[2022-02-21T00:04:55.110] [DEBUG] SyncServices - New Block  >>>>>>> {"low":4,"high":0,"unsigned":true}
[2022-02-21T00:04:55.110] [ERROR] SyncServices - Failed to process Block # 4
[2022-02-21T00:04:55.110] [INFO] SyncServices - syncBlocks: Finish >> test-network_digitalzone
[2022-02-21T00:05:22.176] [INFO] SyncPlatform - Updating the client network and other details to DB
[2022-02-21T00:05:22.180] [DEBUG] FabricGateway - queryChannels ChannelQueryResponse {
  channels: [ ChannelInfo { channel_id: 'digitalzone' } ]
}
[2022-02-21T00:05:22.181] [INFO] SyncServices - SyncServices.synchNetworkConfigToDB client  test-network  channel_name  digitalzone
[2022-02-21T00:05:22.188] [DEBUG] FabricGateway - queryBlock {
  header: {
    number: Long { low: 0, high: 0, unsigned: true },
    previous_hash: <Buffer >,
    data_hash: <Buffer 90 3f 26 2f 14 a3 4b ef e1 23 c7 83 e8 c3 77 55 ca cf e9 b5 eb f2 1a 80 6d 73 b5 0a 1b c3 59 56>
  },
  data: { data: [ [Object] ] },
  metadata: { metadata: [ [Object], {}, [Array], {}, <Buffer > ] }
}
[2022-02-21T00:05:22.188] [INFO] FabricUtils - generateBlockHash 0
[2022-02-21T00:05:22.189] [DEBUG] FabricClient - initializeChannelFromDiscover  digitalzone
[2022-02-21T00:05:22.189] [INFO] FabricGateway - Sending discovery request...
[2022-02-21T00:05:22.195] [INFO] FabricGateway - Succeeded to send discovery request
[2022-02-21T00:05:22.195] [INFO] FabricClient - Discovered Org1MSP [
  {
    mspid: 'Org1MSP',
    endpoint: 'peer0.org1.example.com:7051',
    name: 'peer0.org1.example.com:7051',
    ledgerHeight: Long { low: 63, high: 0, unsigned: true },
    chaincodes: [ [Object], [Object], [Object], [Object] ]
  },
  {
    mspid: 'Org1MSP',
    endpoint: 'peer1.org1.example.com:8051',
    name: 'peer1.org1.example.com:8051',
    ledgerHeight: Long { low: 63, high: 0, unsigned: true },
    chaincodes: [ [Object] ]
  }
]
[2022-02-21T00:05:22.195] [INFO] FabricClient - Discovered Org2MSP [
  {
    mspid: 'Org2MSP',
    endpoint: 'peer1.org2.example.com:10051',
    name: 'peer1.org2.example.com:10051',
    ledgerHeight: Long { low: 63, high: 0, unsigned: true },
    chaincodes: [ [Object] ]
  },
  {
    mspid: 'Org2MSP',
    endpoint: 'peer0.org2.example.com:9051',
    name: 'peer0.org2.example.com:9051',
    ledgerHeight: Long { low: 63, high: 0, unsigned: true },
    chaincodes: [ [Object], [Object], [Object], [Object] ]
  }
]
[2022-02-21T00:05:22.195] [INFO] FabricClient - Discovered Org3MSP [
  {
    mspid: 'Org3MSP',
    endpoint: 'peer0.org3.example.com:11051',
    name: 'peer0.org3.example.com:11051',
    ledgerHeight: Long { low: 63, high: 0, unsigned: true },
    chaincodes: [ [Object], [Object], [Object], [Object] ]
  },
  {
    mspid: 'Org3MSP',
    endpoint: 'peer1.org3.example.com:12051',
    name: 'peer1.org3.example.com:12051',
    ledgerHeight: Long { low: 63, high: 0, unsigned: true },
    chaincodes: [ [Object] ]
  }
]
[2022-02-21T00:05:22.195] [INFO] FabricClient - Discovered Org4MSP [
  {
    mspid: 'Org4MSP',
    endpoint: 'peer0.org4.example.com:21051',
    name: 'peer0.org4.example.com:21051',
    ledgerHeight: Long { low: 63, high: 0, unsigned: true },
    chaincodes: [ [Object], [Object], [Object], [Object] ]
  },
  {
    mspid: 'Org4MSP',
    endpoint: 'peer1.org4.example.com:22051',
    name: 'peer1.org4.example.com:22051',
    ledgerHeight: Long { low: 63, high: 0, unsigned: true },
    chaincodes: [ [Object] ]
  }
]
[2022-02-21T00:05:22.201] [DEBUG] SyncServices - insertNewOrderers discoveryProtocol  grpcs  requesturl  orderer.example.com:7050
[2022-02-21T00:05:22.201] [DEBUG] SyncServices - insertNewOrderers discoveryProtocol  grpcs  requesturl  orderer2.example.com:8050
[2022-02-21T00:05:22.202] [DEBUG] SyncServices - insertNewOrderers discoveryProtocol  grpcs  requesturl  orderer3.example.com:9050
[2022-02-21T00:05:22.203] [INFO] FabricGateway - queryInstantiatedChaincodes digitalzone
[2022-02-21T00:05:22.227] [DEBUG] FabricGateway - queryInstantiatedChaincodes {
  chaincodes: [
    { name: 'token_erc721', version: '1' },
    { name: 'interval_random', version: '1' },
    { name: 'save_ipfs_hash', version: '1' }
  ],
  toJSON: null
}
[2022-02-21T00:05:22.232] [INFO] FabricGateway - queryInstantiatedChaincodes digitalzone
[2022-02-21T00:05:22.254] [DEBUG] FabricGateway - queryInstantiatedChaincodes {
  chaincodes: [
    { name: 'token_erc721', version: '1' },
    { name: 'interval_random', version: '1' },
    { name: 'save_ipfs_hash', version: '1' }
  ],
  toJSON: null
}
[2022-02-21T00:05:52.264] [INFO] SyncPlatform - Updating the client network and other details to DB
[2022-02-21T00:05:52.269] [DEBUG] FabricGateway - queryChannels ChannelQueryResponse {
  channels: [ ChannelInfo { channel_id: 'digitalzone' } ]
}
[2022-02-21T00:05:52.270] [INFO] SyncServices - SyncServices.synchNetworkConfigToDB client  test-network  channel_name  digitalzone
[2022-02-21T00:05:52.276] [DEBUG] FabricGateway - queryBlock {
  header: {
    number: Long { low: 0, high: 0, unsigned: true },
    previous_hash: <Buffer >,
    data_hash: <Buffer 90 3f 26 2f 14 a3 4b ef e1 23 c7 83 e8 c3 77 55 ca cf e9 b5 eb f2 1a 80 6d 73 b5 0a 1b c3 59 56>
  },
  data: { data: [ [Object] ] },
  metadata: { metadata: [ [Object], {}, [Array], {}, <Buffer > ] }
}
[2022-02-21T00:05:52.277] [INFO] FabricUtils - generateBlockHash 0
[2022-02-21T00:05:52.278] [DEBUG] FabricClient - initializeChannelFromDiscover  digitalzone
[2022-02-21T00:05:52.278] [INFO] FabricGateway - Sending discovery request...
[2022-02-21T00:05:52.283] [INFO] FabricGateway - Succeeded to send discovery request
[2022-02-21T00:05:52.283] [INFO] FabricClient - Discovered Org4MSP [
  {
    mspid: 'Org4MSP',
    endpoint: 'peer0.org4.example.com:21051',
    name: 'peer0.org4.example.com:21051',
    ledgerHeight: Long { low: 63, high: 0, unsigned: true },
    chaincodes: [ [Object], [Object], [Object], [Object] ]
  },
  {
    mspid: 'Org4MSP',
    endpoint: 'peer1.org4.example.com:22051',
    name: 'peer1.org4.example.com:22051',
    ledgerHeight: Long { low: 63, high: 0, unsigned: true },
    chaincodes: [ [Object] ]
  }
]
[2022-02-21T00:05:52.283] [INFO] FabricClient - Discovered Org1MSP [
  {
    mspid: 'Org1MSP',
    endpoint: 'peer0.org1.example.com:7051',
    name: 'peer0.org1.example.com:7051',
    ledgerHeight: Long { low: 63, high: 0, unsigned: true },
    chaincodes: [ [Object], [Object], [Object], [Object] ]
  },
  {
    mspid: 'Org1MSP',
    endpoint: 'peer1.org1.example.com:8051',
    name: 'peer1.org1.example.com:8051',
    ledgerHeight: Long { low: 63, high: 0, unsigned: true },
    chaincodes: [ [Object] ]
  }
]
[2022-02-21T00:05:52.283] [INFO] FabricClient - Discovered Org2MSP [
  {
    mspid: 'Org2MSP',
    endpoint: 'peer0.org2.example.com:9051',
    name: 'peer0.org2.example.com:9051',
    ledgerHeight: Long { low: 63, high: 0, unsigned: true },
    chaincodes: [ [Object], [Object], [Object], [Object] ]
  },
  {
    mspid: 'Org2MSP',
    endpoint: 'peer1.org2.example.com:10051',
    name: 'peer1.org2.example.com:10051',
    ledgerHeight: Long { low: 63, high: 0, unsigned: true },
    chaincodes: [ [Object] ]
  }
]
[2022-02-21T00:05:52.283] [INFO] FabricClient - Discovered Org3MSP [
  {
    mspid: 'Org3MSP',
    endpoint: 'peer0.org3.example.com:11051',
    name: 'peer0.org3.example.com:11051',
    ledgerHeight: Long { low: 63, high: 0, unsigned: true },
    chaincodes: [ [Object], [Object], [Object], [Object] ]
  },
  {
    mspid: 'Org3MSP',
    endpoint: 'peer1.org3.example.com:12051',
    name: 'peer1.org3.example.com:12051',
    ledgerHeight: Long { low: 63, high: 0, unsigned: true },
    chaincodes: [ [Object] ]
  }
]
[2022-02-21T00:05:52.289] [DEBUG] SyncServices - insertNewOrderers discoveryProtocol  grpcs  requesturl  orderer.example.com:7050
[2022-02-21T00:05:52.289] [DEBUG] SyncServices - insertNewOrderers discoveryProtocol  grpcs  requesturl  orderer2.example.com:8050
[2022-02-21T00:05:52.290] [DEBUG] SyncServices - insertNewOrderers discoveryProtocol  grpcs  requesturl  orderer3.example.com:9050
[2022-02-21T00:05:52.290] [INFO] FabricGateway - queryInstantiatedChaincodes digitalzone
[2022-02-21T00:05:52.309] [DEBUG] FabricGateway - queryInstantiatedChaincodes {
  chaincodes: [
    { name: 'save_ipfs_hash', version: '1' },
    { name: 'token_erc721', version: '1' },
    { name: 'interval_random', version: '1' }
  ],
  toJSON: null
}
[2022-02-21T00:05:52.314] [INFO] FabricGateway - queryInstantiatedChaincodes digitalzone
[2022-02-21T00:05:52.333] [DEBUG] FabricGateway - queryInstantiatedChaincodes {
  chaincodes: [
    { name: 'interval_random', version: '1' },
    { name: 'save_ipfs_hash', version: '1' },
    { name: 'token_erc721', version: '1' }
  ],
  toJSON: null
}
[2022-02-21T00:05:55.056] [DEBUG] FabricGateway - queryChainInfo BlockchainInfo {
  height: Long { low: 63, high: 0, unsigned: true },
  currentBlockHash: <Buffer 4c 40 11 27 59 a9 4c 45 ea ee 91 49 5d b9 27 69 e9 51 3f 0a 49 ea fa a1 52 aa 97 f7 23 40 be 01>,
  previousBlockHash: <Buffer f4 b1 43 1b b7 27 36 f5 3d f6 a6 45 36 49 b4 b7 fe 19 51 9a 28 24 f0 b6 9f 6f 7a 09 bf 21 e1 a3>
}
[2022-02-21T00:05:55.056] [INFO] SyncServices - syncBlocks: Start >> test-network_digitalzone
[2022-02-21T00:05:55.066] [DEBUG] FabricGateway - queryBlock {
  header: {
    number: Long { low: 0, high: 0, unsigned: true },
    previous_hash: <Buffer >,
    data_hash: <Buffer 90 3f 26 2f 14 a3 4b ef e1 23 c7 83 e8 c3 77 55 ca cf e9 b5 eb f2 1a 80 6d 73 b5 0a 1b c3 59 56>
  },
  data: { data: [ [Object] ] },
  metadata: { metadata: [ [Object], {}, [Array], {}, <Buffer > ] }
}
[2022-02-21T00:05:55.067] [DEBUG] SyncServices - New Block  >>>>>>> {"low":0,"high":0,"unsigned":true}
[2022-02-21T00:05:55.067] [ERROR] SyncServices - Failed to process Block # 0
[2022-02-21T00:05:55.076] [DEBUG] FabricGateway - queryBlock {
  header: {
    number: Long { low: 1, high: 0, unsigned: true },
    previous_hash: <Buffer 5e 14 0e 6a 63 c8 ef 95 6c 5d c2 f2 a2 48 35 aa 7e 3f 37 87 50 a8 af 5d 4c 71 53 79 a2 fe ac 07>,
    data_hash: <Buffer 69 d3 ba 5d ce 86 cf 09 d9 e1 c1 cf 95 e4 30 26 17 8c 39 b4 a5 bc d2 b4 50 78 6e 63 98 90 5a e3>
  },
  data: { data: [ [Object] ] },
  metadata: {
    metadata: [
      [Object],
      {},
      [Array],
      {},
      <Buffer 0a 20 47 dc 54 0c 94 ce b7 04 a2 38 75 c1 12 73 e1 6b b0 b8 a8 7a ed 84 de 91 1f 21 33 56 81 15 f2 54>
    ]
  }
}
[2022-02-21T00:05:55.076] [DEBUG] SyncServices - New Block  >>>>>>> {"low":1,"high":0,"unsigned":true}
[2022-02-21T00:05:55.076] [ERROR] SyncServices - Failed to process Block # 1
[2022-02-21T00:05:55.084] [DEBUG] FabricGateway - queryBlock {
  header: {
    number: Long { low: 2, high: 0, unsigned: true },
    previous_hash: <Buffer 7b a4 14 8f ef b4 40 12 7d 96 8b dd d8 47 4a 22 be d2 ab fc da 37 a9 2d 8a f5 06 09 f2 6e a5 37>,
    data_hash: <Buffer 86 7e 99 32 8c 03 db f5 e7 79 69 32 be bc 53 e4 c0 6e 5d d4 0c 76 4f 3e 52 e7 56 91 b6 07 2a a0>
  },
  data: { data: [ [Object] ] },
  metadata: {
    metadata: [
      [Object],
      {},
      [Array],
      {},
      <Buffer 0a 20 5f 88 b6 14 07 b1 49 a4 84 13 43 3f 46 70 c4 65 31 e5 c4 a8 fe bd c3 39 a9 53 6f f8 71 6a 55 9e>
    ]
  }
}
[2022-02-21T00:05:55.085] [DEBUG] SyncServices - New Block  >>>>>>> {"low":2,"high":0,"unsigned":true}
[2022-02-21T00:05:55.085] [ERROR] SyncServices - Failed to process Block # 2
[2022-02-21T00:05:55.092] [DEBUG] FabricGateway - queryBlock {
  header: {
    number: Long { low: 3, high: 0, unsigned: true },
    previous_hash: <Buffer 36 8f 92 c0 e1 06 4d 8d 5f c0 ab ab a3 c6 a9 08 fa 82 55 76 51 40 9c d2 af bb 89 91 69 7f 91 9e>,
    data_hash: <Buffer ab 63 73 4d 3c 77 85 26 4c fe 86 26 db c3 a2 4a da 0e d9 94 15 e8 20 9e 6c 5e f4 71 79 42 5f 47>
  },
  data: { data: [ [Object] ] },
  metadata: {
    metadata: [
      [Object],
      {},
      [Array],
      {},
      <Buffer 0a 20 37 be 53 32 b9 30 0e f2 e3 01 f0 e0 e5 38 5a 0a 72 9d 3f ef 5c 9e a4 a7 bd 47 66 bb 91 99 8a 31>
    ]
  }
}
[2022-02-21T00:05:55.092] [DEBUG] SyncServices - New Block  >>>>>>> {"low":3,"high":0,"unsigned":true}
[2022-02-21T00:05:55.092] [ERROR] SyncServices - Failed to process Block # 3
[2022-02-21T00:05:55.100] [DEBUG] FabricGateway - queryBlock {
  header: {
    number: Long { low: 4, high: 0, unsigned: true },
    previous_hash: <Buffer 92 c4 d6 28 84 a1 14 b9 37 57 e7 72 62 55 45 c1 b4 7f 3a 1d ae e8 eb db 60 2e 84 9e df 3f ed 21>,
    data_hash: <Buffer dc 2b bf 83 5f e5 0e f3 59 08 eb 7a 01 8b 32 eb 8b 1d 40 33 a6 2c d8 de ef 92 47 e8 8a 2c d8 ff>
  },
  data: { data: [ [Object] ] },
  metadata: {
    metadata: [
      [Object],
      {},
      [Array],
      {},
      <Buffer 0a 20 76 9e e3 b6 b7 bb c2 ce 4c 97 55 91 80 af f3 f5 dc 08 d9 ed df e3 3b 9a b2 4a e6 cc 76 ca c8 de>
    ]
  }
}
[2022-02-21T00:05:55.100] [DEBUG] SyncServices - New Block  >>>>>>> {"low":4,"high":0,"unsigned":true}
[2022-02-21T00:05:55.100] [ERROR] SyncServices - Failed to process Block # 4
[2022-02-21T00:05:55.100] [INFO] SyncServices - syncBlocks: Finish >> test-network_digitalzone
[2022-02-21T00:06:22.345] [INFO] SyncPlatform - Updating the client network and other details to DB
[2022-02-21T00:06:22.350] [DEBUG] FabricGateway - queryChannels ChannelQueryResponse {
  channels: [ ChannelInfo { channel_id: 'digitalzone' } ]
}
[2022-02-21T00:06:22.351] [INFO] SyncServices - SyncServices.synchNetworkConfigToDB client  test-network  channel_name  digitalzone
[2022-02-21T00:06:22.357] [DEBUG] FabricGateway - queryBlock {
  header: {
    number: Long { low: 0, high: 0, unsigned: true },
    previous_hash: <Buffer >,
    data_hash: <Buffer 90 3f 26 2f 14 a3 4b ef e1 23 c7 83 e8 c3 77 55 ca cf e9 b5 eb f2 1a 80 6d 73 b5 0a 1b c3 59 56>
  },
  data: { data: [ [Object] ] },
  metadata: { metadata: [ [Object], {}, [Array], {}, <Buffer > ] }
}
[2022-02-21T00:06:22.357] [INFO] FabricUtils - generateBlockHash 0
[2022-02-21T00:06:22.358] [DEBUG] FabricClient - initializeChannelFromDiscover  digitalzone
[2022-02-21T00:06:22.358] [INFO] FabricGateway - Sending discovery request...
[2022-02-21T00:06:22.364] [INFO] FabricGateway - Succeeded to send discovery request
[2022-02-21T00:06:22.364] [INFO] FabricClient - Discovered Org3MSP [
  {
    mspid: 'Org3MSP',
    endpoint: 'peer0.org3.example.com:11051',
    name: 'peer0.org3.example.com:11051',
    ledgerHeight: Long { low: 63, high: 0, unsigned: true },
    chaincodes: [ [Object], [Object], [Object], [Object] ]
  },
  {
    mspid: 'Org3MSP',
    endpoint: 'peer1.org3.example.com:12051',
    name: 'peer1.org3.example.com:12051',
    ledgerHeight: Long { low: 63, high: 0, unsigned: true },
    chaincodes: [ [Object] ]
  }
]
[2022-02-21T00:06:22.364] [INFO] FabricClient - Discovered Org4MSP [
  {
    mspid: 'Org4MSP',
    endpoint: 'peer0.org4.example.com:21051',
    name: 'peer0.org4.example.com:21051',
    ledgerHeight: Long { low: 63, high: 0, unsigned: true },
    chaincodes: [ [Object], [Object], [Object], [Object] ]
  },
  {
    mspid: 'Org4MSP',
    endpoint: 'peer1.org4.example.com:22051',
    name: 'peer1.org4.example.com:22051',
    ledgerHeight: Long { low: 63, high: 0, unsigned: true },
    chaincodes: [ [Object] ]
  }
]
[2022-02-21T00:06:22.364] [INFO] FabricClient - Discovered Org1MSP [
  {
    mspid: 'Org1MSP',
    endpoint: 'peer0.org1.example.com:7051',
    name: 'peer0.org1.example.com:7051',
    ledgerHeight: Long { low: 63, high: 0, unsigned: true },
    chaincodes: [ [Object], [Object], [Object], [Object] ]
  },
  {
    mspid: 'Org1MSP',
    endpoint: 'peer1.org1.example.com:8051',
    name: 'peer1.org1.example.com:8051',
    ledgerHeight: Long { low: 63, high: 0, unsigned: true },
    chaincodes: [ [Object] ]
  }
]
[2022-02-21T00:06:22.365] [INFO] FabricClient - Discovered Org2MSP [
  {
    mspid: 'Org2MSP',
    endpoint: 'peer0.org2.example.com:9051',
    name: 'peer0.org2.example.com:9051',
    ledgerHeight: Long { low: 63, high: 0, unsigned: true },
    chaincodes: [ [Object], [Object], [Object], [Object] ]
  },
  {
    mspid: 'Org2MSP',
    endpoint: 'peer1.org2.example.com:10051',
    name: 'peer1.org2.example.com:10051',
    ledgerHeight: Long { low: 63, high: 0, unsigned: true },
    chaincodes: [ [Object] ]
  }
]
[2022-02-21T00:06:22.369] [DEBUG] SyncServices - insertNewOrderers discoveryProtocol  grpcs  requesturl  orderer.example.com:7050
[2022-02-21T00:06:22.370] [DEBUG] SyncServices - insertNewOrderers discoveryProtocol  grpcs  requesturl  orderer2.example.com:8050
[2022-02-21T00:06:22.370] [DEBUG] SyncServices - insertNewOrderers discoveryProtocol  grpcs  requesturl  orderer3.example.com:9050
[2022-02-21T00:06:22.371] [INFO] FabricGateway - queryInstantiatedChaincodes digitalzone
[2022-02-21T00:06:22.389] [DEBUG] FabricGateway - queryInstantiatedChaincodes {
  chaincodes: [
    { name: 'interval_random', version: '1' },
    { name: 'save_ipfs_hash', version: '1' },
    { name: 'token_erc721', version: '1' }
  ],
  toJSON: null
}
[2022-02-21T00:06:22.394] [INFO] FabricGateway - queryInstantiatedChaincodes digitalzone
[2022-02-21T00:06:22.411] [DEBUG] FabricGateway - queryInstantiatedChaincodes {
  chaincodes: [
    { name: 'save_ipfs_hash', version: '1' },
    { name: 'token_erc721', version: '1' },
    { name: 'interval_random', version: '1' }
  ],
  toJSON: null
}
[2022-02-21T00:06:52.415] [INFO] SyncPlatform - Updating the client network and other details to DB
[2022-02-21T00:06:52.424] [DEBUG] FabricGateway - queryChannels ChannelQueryResponse {
  channels: [ ChannelInfo { channel_id: 'digitalzone' } ]
}
[2022-02-21T00:06:52.424] [INFO] SyncServices - SyncServices.synchNetworkConfigToDB client  test-network  channel_name  digitalzone
[2022-02-21T00:06:52.441] [DEBUG] FabricGateway - queryBlock {
  header: {
    number: Long { low: 0, high: 0, unsigned: true },
    previous_hash: <Buffer >,
    data_hash: <Buffer 90 3f 26 2f 14 a3 4b ef e1 23 c7 83 e8 c3 77 55 ca cf e9 b5 eb f2 1a 80 6d 73 b5 0a 1b c3 59 56>
  },
  data: { data: [ [Object] ] },
  metadata: { metadata: [ [Object], {}, [Array], {}, <Buffer > ] }
}
[2022-02-21T00:06:52.441] [INFO] FabricUtils - generateBlockHash 0
[2022-02-21T00:06:52.443] [DEBUG] FabricClient - initializeChannelFromDiscover  digitalzone
[2022-02-21T00:06:52.443] [INFO] FabricGateway - Sending discovery request...
[2022-02-21T00:06:52.450] [INFO] FabricGateway - Succeeded to send discovery request
[2022-02-21T00:06:52.451] [INFO] FabricClient - Discovered Org2MSP [
  {
    mspid: 'Org2MSP',
    endpoint: 'peer0.org2.example.com:9051',
    name: 'peer0.org2.example.com:9051',
    ledgerHeight: Long { low: 63, high: 0, unsigned: true },
    chaincodes: [ [Object], [Object], [Object], [Object] ]
  },
  {
    mspid: 'Org2MSP',
    endpoint: 'peer1.org2.example.com:10051',
    name: 'peer1.org2.example.com:10051',
    ledgerHeight: Long { low: 63, high: 0, unsigned: true },
    chaincodes: [ [Object] ]
  }
]
[2022-02-21T00:06:52.451] [INFO] FabricClient - Discovered Org3MSP [
  {
    mspid: 'Org3MSP',
    endpoint: 'peer0.org3.example.com:11051',
    name: 'peer0.org3.example.com:11051',
    ledgerHeight: Long { low: 63, high: 0, unsigned: true },
    chaincodes: [ [Object], [Object], [Object], [Object] ]
  },
  {
    mspid: 'Org3MSP',
    endpoint: 'peer1.org3.example.com:12051',
    name: 'peer1.org3.example.com:12051',
    ledgerHeight: Long { low: 63, high: 0, unsigned: true },
    chaincodes: [ [Object] ]
  }
]
[2022-02-21T00:06:52.451] [INFO] FabricClient - Discovered Org4MSP [
  {
    mspid: 'Org4MSP',
    endpoint: 'peer1.org4.example.com:22051',
    name: 'peer1.org4.example.com:22051',
    ledgerHeight: Long { low: 63, high: 0, unsigned: true },
    chaincodes: [ [Object] ]
  },
  {
    mspid: 'Org4MSP',
    endpoint: 'peer0.org4.example.com:21051',
    name: 'peer0.org4.example.com:21051',
    ledgerHeight: Long { low: 63, high: 0, unsigned: true },
    chaincodes: [ [Object], [Object], [Object], [Object] ]
  }
]
[2022-02-21T00:06:52.451] [INFO] FabricClient - Discovered Org1MSP [
  {
    mspid: 'Org1MSP',
    endpoint: 'peer0.org1.example.com:7051',
    name: 'peer0.org1.example.com:7051',
    ledgerHeight: Long { low: 63, high: 0, unsigned: true },
    chaincodes: [ [Object], [Object], [Object], [Object] ]
  },
  {
    mspid: 'Org1MSP',
    endpoint: 'peer1.org1.example.com:8051',
    name: 'peer1.org1.example.com:8051',
    ledgerHeight: Long { low: 63, high: 0, unsigned: true },
    chaincodes: [ [Object] ]
  }
]
[2022-02-21T00:06:52.459] [DEBUG] SyncServices - insertNewOrderers discoveryProtocol  grpcs  requesturl  orderer.example.com:7050
[2022-02-21T00:06:52.460] [DEBUG] SyncServices - insertNewOrderers discoveryProtocol  grpcs  requesturl  orderer2.example.com:8050
[2022-02-21T00:06:52.461] [DEBUG] SyncServices - insertNewOrderers discoveryProtocol  grpcs  requesturl  orderer3.example.com:9050
[2022-02-21T00:06:52.462] [INFO] FabricGateway - queryInstantiatedChaincodes digitalzone
[2022-02-21T00:06:52.483] [DEBUG] FabricGateway - queryInstantiatedChaincodes {
  chaincodes: [
    { name: 'interval_random', version: '1' },
    { name: 'save_ipfs_hash', version: '1' },
    { name: 'token_erc721', version: '1' }
  ],
  toJSON: null
}
[2022-02-21T00:06:52.488] [INFO] FabricGateway - queryInstantiatedChaincodes digitalzone
[2022-02-21T00:06:52.507] [DEBUG] FabricGateway - queryInstantiatedChaincodes {
  chaincodes: [
    { name: 'save_ipfs_hash', version: '1' },
    { name: 'token_erc721', version: '1' },
    { name: 'interval_random', version: '1' }
  ],
  toJSON: null
}
[2022-02-21T00:06:55.055] [DEBUG] FabricGateway - queryChainInfo BlockchainInfo {
  height: Long { low: 63, high: 0, unsigned: true },
  currentBlockHash: <Buffer 4c 40 11 27 59 a9 4c 45 ea ee 91 49 5d b9 27 69 e9 51 3f 0a 49 ea fa a1 52 aa 97 f7 23 40 be 01>,
  previousBlockHash: <Buffer f4 b1 43 1b b7 27 36 f5 3d f6 a6 45 36 49 b4 b7 fe 19 51 9a 28 24 f0 b6 9f 6f 7a 09 bf 21 e1 a3>
}
[2022-02-21T00:06:55.055] [INFO] SyncServices - syncBlocks: Start >> test-network_digitalzone
[2022-02-21T00:06:55.063] [DEBUG] FabricGateway - queryBlock {
  header: {
    number: Long { low: 0, high: 0, unsigned: true },
    previous_hash: <Buffer >,
    data_hash: <Buffer 90 3f 26 2f 14 a3 4b ef e1 23 c7 83 e8 c3 77 55 ca cf e9 b5 eb f2 1a 80 6d 73 b5 0a 1b c3 59 56>
  },
  data: { data: [ [Object] ] },
  metadata: { metadata: [ [Object], {}, [Array], {}, <Buffer > ] }
}
[2022-02-21T00:06:55.063] [DEBUG] SyncServices - New Block  >>>>>>> {"low":0,"high":0,"unsigned":true}
[2022-02-21T00:06:55.063] [ERROR] SyncServices - Failed to process Block # 0
[2022-02-21T00:06:55.074] [DEBUG] FabricGateway - queryBlock {
  header: {
    number: Long { low: 1, high: 0, unsigned: true },
    previous_hash: <Buffer 5e 14 0e 6a 63 c8 ef 95 6c 5d c2 f2 a2 48 35 aa 7e 3f 37 87 50 a8 af 5d 4c 71 53 79 a2 fe ac 07>,
    data_hash: <Buffer 69 d3 ba 5d ce 86 cf 09 d9 e1 c1 cf 95 e4 30 26 17 8c 39 b4 a5 bc d2 b4 50 78 6e 63 98 90 5a e3>
  },
  data: { data: [ [Object] ] },
  metadata: {
    metadata: [
      [Object],
      {},
      [Array],
      {},
      <Buffer 0a 20 47 dc 54 0c 94 ce b7 04 a2 38 75 c1 12 73 e1 6b b0 b8 a8 7a ed 84 de 91 1f 21 33 56 81 15 f2 54>
    ]
  }
}
[2022-02-21T00:06:55.074] [DEBUG] SyncServices - New Block  >>>>>>> {"low":1,"high":0,"unsigned":true}
[2022-02-21T00:06:55.075] [ERROR] SyncServices - Failed to process Block # 1
[2022-02-21T00:06:55.081] [DEBUG] FabricGateway - queryBlock {
  header: {
    number: Long { low: 2, high: 0, unsigned: true },
    previous_hash: <Buffer 7b a4 14 8f ef b4 40 12 7d 96 8b dd d8 47 4a 22 be d2 ab fc da 37 a9 2d 8a f5 06 09 f2 6e a5 37>,
    data_hash: <Buffer 86 7e 99 32 8c 03 db f5 e7 79 69 32 be bc 53 e4 c0 6e 5d d4 0c 76 4f 3e 52 e7 56 91 b6 07 2a a0>
  },
  data: { data: [ [Object] ] },
  metadata: {
    metadata: [
      [Object],
      {},
      [Array],
      {},
      <Buffer 0a 20 5f 88 b6 14 07 b1 49 a4 84 13 43 3f 46 70 c4 65 31 e5 c4 a8 fe bd c3 39 a9 53 6f f8 71 6a 55 9e>
    ]
  }
}
[2022-02-21T00:06:55.082] [DEBUG] SyncServices - New Block  >>>>>>> {"low":2,"high":0,"unsigned":true}
[2022-02-21T00:06:55.082] [ERROR] SyncServices - Failed to process Block # 2
[2022-02-21T00:06:55.089] [DEBUG] FabricGateway - queryBlock {
  header: {
    number: Long { low: 3, high: 0, unsigned: true },
    previous_hash: <Buffer 36 8f 92 c0 e1 06 4d 8d 5f c0 ab ab a3 c6 a9 08 fa 82 55 76 51 40 9c d2 af bb 89 91 69 7f 91 9e>,
    data_hash: <Buffer ab 63 73 4d 3c 77 85 26 4c fe 86 26 db c3 a2 4a da 0e d9 94 15 e8 20 9e 6c 5e f4 71 79 42 5f 47>
  },
  data: { data: [ [Object] ] },
  metadata: {
    metadata: [
      [Object],
      {},
      [Array],
      {},
      <Buffer 0a 20 37 be 53 32 b9 30 0e f2 e3 01 f0 e0 e5 38 5a 0a 72 9d 3f ef 5c 9e a4 a7 bd 47 66 bb 91 99 8a 31>
    ]
  }
}
[2022-02-21T00:06:55.089] [DEBUG] SyncServices - New Block  >>>>>>> {"low":3,"high":0,"unsigned":true}
[2022-02-21T00:06:55.089] [ERROR] SyncServices - Failed to process Block # 3
[2022-02-21T00:06:55.095] [DEBUG] FabricGateway - queryBlock {
  header: {
    number: Long { low: 4, high: 0, unsigned: true },
    previous_hash: <Buffer 92 c4 d6 28 84 a1 14 b9 37 57 e7 72 62 55 45 c1 b4 7f 3a 1d ae e8 eb db 60 2e 84 9e df 3f ed 21>,
    data_hash: <Buffer dc 2b bf 83 5f e5 0e f3 59 08 eb 7a 01 8b 32 eb 8b 1d 40 33 a6 2c d8 de ef 92 47 e8 8a 2c d8 ff>
  },
  data: { data: [ [Object] ] },
  metadata: {
    metadata: [
      [Object],
      {},
      [Array],
      {},
      <Buffer 0a 20 76 9e e3 b6 b7 bb c2 ce 4c 97 55 91 80 af f3 f5 dc 08 d9 ed df e3 3b 9a b2 4a e6 cc 76 ca c8 de>
    ]
  }
}
[2022-02-21T00:06:55.095] [DEBUG] SyncServices - New Block  >>>>>>> {"low":4,"high":0,"unsigned":true}
[2022-02-21T00:06:55.095] [ERROR] SyncServices - Failed to process Block # 4
[2022-02-21T00:06:55.095] [INFO] SyncServices - syncBlocks: Finish >> test-network_digitalzone
[2022-02-21T00:07:22.509] [INFO] SyncPlatform - Updating the client network and other details to DB
[2022-02-21T00:07:22.686] [ERROR] Sync - <<<<<<<<<<<<<<<<<<<<<<<<<< Synchronizer Error >>>>>>>>>>>>>>>>>>>>>
[2022-02-21T00:07:22.686] [ERROR] Sync - FabricError: Query failed. Errors: ["Error: 14 UNAVAILABLE: No connection established","Error: 14 UNAVAILABLE: No connection established","Error: 14 UNAVAILABLE: No connection established"]
    at SingleQueryHandler.evaluate (/fabric_explorer/node_modules/fabric-network/lib/impl/query/singlequeryhandler.js:47:23)
    at runMicrotasks (<anonymous>)
    at processTicksAndRejections (internal/process/task_queues.js:97:5)
    at async Transaction.evaluate (/fabric_explorer/node_modules/fabric-network/lib/transaction.js:291:25) {
  name: 'FabricError'
}
[2022-02-21T00:07:22.737] [INFO] Sync - <<<<<<<<<<<<<<<<<<<<<<<<<< Closing client processor >>>>>>>>>>>>>>>>>>>>>
[2022-02-21T00:07:22.941] [DEBUG] FabricEvent - disconnectEventHubs()
[2022-02-21T00:07:23.036] [DEBUG] FabricEvent - disconnectChannelEventHub(digitalzone)
