[2022-02-21T00:00:21.321] [INFO] SyncPlatform - Updating the client network and other details to DB
[2022-02-21T00:00:21.334] [INFO] SyncServices - SyncServices.synchNetworkConfigToDB client  test-network  channel_name  digitalzone
[2022-02-21T00:00:21.343] [INFO] FabricUtils - generateBlockHash 0
[2022-02-21T00:00:21.345] [INFO] FabricGateway - Sending discovery request...
[2022-02-21T00:00:21.355] [INFO] FabricGateway - Succeeded to send discovery request
[2022-02-21T00:00:21.355] [INFO] FabricClient - Discovered Org2MSP [
  {
    mspid: 'Org2MSP',
    endpoint: 'peer1.org2.example.com:10051',
    name: 'peer1.org2.example.com:10051',
    ledgerHeight: Long { low: 63, high: 0, unsigned: true },
    chaincodes: [ [Object] ]
  },
  {
    mspid: 'Org2MSP',
    endpoint: 'peer0.org2.example.com:9051',
    name: 'peer0.org2.example.com:9051',
    ledgerHeight: Long { low: 63, high: 0, unsigned: true },
    chaincodes: [ [Object], [Object], [Object], [Object] ]
  }
]
[2022-02-21T00:00:21.355] [INFO] FabricClient - Discovered Org3MSP [
  {
    mspid: 'Org3MSP',
    endpoint: 'peer0.org3.example.com:11051',
    name: 'peer0.org3.example.com:11051',
    ledgerHeight: Long { low: 63, high: 0, unsigned: true },
    chaincodes: [ [Object], [Object], [Object], [Object] ]
  },
  {
    mspid: 'Org3MSP',
    endpoint: 'peer1.org3.example.com:12051',
    name: 'peer1.org3.example.com:12051',
    ledgerHeight: Long { low: 63, high: 0, unsigned: true },
    chaincodes: [ [Object] ]
  }
]
[2022-02-21T00:00:21.355] [INFO] FabricClient - Discovered Org4MSP [
  {
    mspid: 'Org4MSP',
    endpoint: 'peer1.org4.example.com:22051',
    name: 'peer1.org4.example.com:22051',
    ledgerHeight: Long { low: 63, high: 0, unsigned: true },
    chaincodes: [ [Object] ]
  },
  {
    mspid: 'Org4MSP',
    endpoint: 'peer0.org4.example.com:21051',
    name: 'peer0.org4.example.com:21051',
    ledgerHeight: Long { low: 63, high: 0, unsigned: true },
    chaincodes: [ [Object], [Object], [Object], [Object] ]
  }
]
[2022-02-21T00:00:21.355] [INFO] FabricClient - Discovered Org1MSP [
  {
    mspid: 'Org1MSP',
    endpoint: 'peer0.org1.example.com:7051',
    name: 'peer0.org1.example.com:7051',
    ledgerHeight: Long { low: 63, high: 0, unsigned: true },
    chaincodes: [ [Object], [Object], [Object], [Object] ]
  },
  {
    mspid: 'Org1MSP',
    endpoint: 'peer1.org1.example.com:8051',
    name: 'peer1.org1.example.com:8051',
    ledgerHeight: Long { low: 63, high: 0, unsigned: true },
    chaincodes: [ [Object] ]
  }
]
[2022-02-21T00:00:21.368] [INFO] FabricGateway - queryInstantiatedChaincodes digitalzone
[2022-02-21T00:00:21.404] [INFO] FabricGateway - queryInstantiatedChaincodes digitalzone
[2022-02-21T00:00:51.424] [INFO] SyncPlatform - Updating the client network and other details to DB
[2022-02-21T00:00:51.434] [INFO] SyncServices - SyncServices.synchNetworkConfigToDB client  test-network  channel_name  digitalzone
[2022-02-21T00:00:51.444] [INFO] FabricUtils - generateBlockHash 0
[2022-02-21T00:00:51.445] [INFO] FabricGateway - Sending discovery request...
[2022-02-21T00:00:51.451] [INFO] FabricGateway - Succeeded to send discovery request
[2022-02-21T00:00:51.451] [INFO] FabricClient - Discovered Org3MSP [
  {
    mspid: 'Org3MSP',
    endpoint: 'peer1.org3.example.com:12051',
    name: 'peer1.org3.example.com:12051',
    ledgerHeight: Long { low: 63, high: 0, unsigned: true },
    chaincodes: [ [Object] ]
  },
  {
    mspid: 'Org3MSP',
    endpoint: 'peer0.org3.example.com:11051',
    name: 'peer0.org3.example.com:11051',
    ledgerHeight: Long { low: 63, high: 0, unsigned: true },
    chaincodes: [ [Object], [Object], [Object], [Object] ]
  }
]
[2022-02-21T00:00:51.451] [INFO] FabricClient - Discovered Org4MSP [
  {
    mspid: 'Org4MSP',
    endpoint: 'peer0.org4.example.com:21051',
    name: 'peer0.org4.example.com:21051',
    ledgerHeight: Long { low: 63, high: 0, unsigned: true },
    chaincodes: [ [Object], [Object], [Object], [Object] ]
  },
  {
    mspid: 'Org4MSP',
    endpoint: 'peer1.org4.example.com:22051',
    name: 'peer1.org4.example.com:22051',
    ledgerHeight: Long { low: 63, high: 0, unsigned: true },
    chaincodes: [ [Object] ]
  }
]
[2022-02-21T00:00:51.452] [INFO] FabricClient - Discovered Org1MSP [
  {
    mspid: 'Org1MSP',
    endpoint: 'peer1.org1.example.com:8051',
    name: 'peer1.org1.example.com:8051',
    ledgerHeight: Long { low: 63, high: 0, unsigned: true },
    chaincodes: [ [Object] ]
  },
  {
    mspid: 'Org1MSP',
    endpoint: 'peer0.org1.example.com:7051',
    name: 'peer0.org1.example.com:7051',
    ledgerHeight: Long { low: 63, high: 0, unsigned: true },
    chaincodes: [ [Object], [Object], [Object], [Object] ]
  }
]
[2022-02-21T00:00:51.452] [INFO] FabricClient - Discovered Org2MSP [
  {
    mspid: 'Org2MSP',
    endpoint: 'peer0.org2.example.com:9051',
    name: 'peer0.org2.example.com:9051',
    ledgerHeight: Long { low: 63, high: 0, unsigned: true },
    chaincodes: [ [Object], [Object], [Object], [Object] ]
  },
  {
    mspid: 'Org2MSP',
    endpoint: 'peer1.org2.example.com:10051',
    name: 'peer1.org2.example.com:10051',
    ledgerHeight: Long { low: 63, high: 0, unsigned: true },
    chaincodes: [ [Object] ]
  }
]
[2022-02-21T00:00:51.459] [INFO] FabricGateway - queryInstantiatedChaincodes digitalzone
[2022-02-21T00:00:51.482] [INFO] FabricGateway - queryInstantiatedChaincodes digitalzone
[2022-02-21T00:00:55.049] [INFO] SyncServices - syncBlocks: Start >> test-network_digitalzone
[2022-02-21T00:00:55.062] [ERROR] SyncServices - Failed to process Block # 0
[2022-02-21T00:00:55.072] [ERROR] SyncServices - Failed to process Block # 1
[2022-02-21T00:00:55.082] [ERROR] SyncServices - Failed to process Block # 2
[2022-02-21T00:00:55.091] [ERROR] SyncServices - Failed to process Block # 3
[2022-02-21T00:00:55.099] [ERROR] SyncServices - Failed to process Block # 4
[2022-02-21T00:00:55.099] [INFO] SyncServices - syncBlocks: Finish >> test-network_digitalzone
[2022-02-21T00:01:21.510] [INFO] SyncPlatform - Updating the client network and other details to DB
[2022-02-21T00:01:21.515] [INFO] SyncServices - SyncServices.synchNetworkConfigToDB client  test-network  channel_name  digitalzone
[2022-02-21T00:01:21.522] [INFO] FabricUtils - generateBlockHash 0
[2022-02-21T00:01:21.523] [INFO] FabricGateway - Sending discovery request...
[2022-02-21T00:01:21.531] [INFO] FabricGateway - Succeeded to send discovery request
[2022-02-21T00:01:21.531] [INFO] FabricClient - Discovered Org2MSP [
  {
    mspid: 'Org2MSP',
    endpoint: 'peer0.org2.example.com:9051',
    name: 'peer0.org2.example.com:9051',
    ledgerHeight: Long { low: 63, high: 0, unsigned: true },
    chaincodes: [ [Object], [Object], [Object], [Object] ]
  },
  {
    mspid: 'Org2MSP',
    endpoint: 'peer1.org2.example.com:10051',
    name: 'peer1.org2.example.com:10051',
    ledgerHeight: Long { low: 63, high: 0, unsigned: true },
    chaincodes: [ [Object] ]
  }
]
[2022-02-21T00:01:21.531] [INFO] FabricClient - Discovered Org3MSP [
  {
    mspid: 'Org3MSP',
    endpoint: 'peer0.org3.example.com:11051',
    name: 'peer0.org3.example.com:11051',
    ledgerHeight: Long { low: 63, high: 0, unsigned: true },
    chaincodes: [ [Object], [Object], [Object], [Object] ]
  },
  {
    mspid: 'Org3MSP',
    endpoint: 'peer1.org3.example.com:12051',
    name: 'peer1.org3.example.com:12051',
    ledgerHeight: Long { low: 63, high: 0, unsigned: true },
    chaincodes: [ [Object] ]
  }
]
[2022-02-21T00:01:21.532] [INFO] FabricClient - Discovered Org4MSP [
  {
    mspid: 'Org4MSP',
    endpoint: 'peer0.org4.example.com:21051',
    name: 'peer0.org4.example.com:21051',
    ledgerHeight: Long { low: 63, high: 0, unsigned: true },
    chaincodes: [ [Object], [Object], [Object], [Object] ]
  },
  {
    mspid: 'Org4MSP',
    endpoint: 'peer1.org4.example.com:22051',
    name: 'peer1.org4.example.com:22051',
    ledgerHeight: Long { low: 63, high: 0, unsigned: true },
    chaincodes: [ [Object] ]
  }
]
[2022-02-21T00:01:21.532] [INFO] FabricClient - Discovered Org1MSP [
  {
    mspid: 'Org1MSP',
    endpoint: 'peer0.org1.example.com:7051',
    name: 'peer0.org1.example.com:7051',
    ledgerHeight: Long { low: 63, high: 0, unsigned: true },
    chaincodes: [ [Object], [Object], [Object], [Object] ]
  },
  {
    mspid: 'Org1MSP',
    endpoint: 'peer1.org1.example.com:8051',
    name: 'peer1.org1.example.com:8051',
    ledgerHeight: Long { low: 63, high: 0, unsigned: true },
    chaincodes: [ [Object] ]
  }
]
[2022-02-21T00:01:21.538] [INFO] FabricGateway - queryInstantiatedChaincodes digitalzone
[2022-02-21T00:01:21.572] [INFO] FabricGateway - queryInstantiatedChaincodes digitalzone
[2022-02-21T00:01:51.598] [INFO] SyncPlatform - Updating the client network and other details to DB
[2022-02-21T00:01:51.604] [INFO] SyncServices - SyncServices.synchNetworkConfigToDB client  test-network  channel_name  digitalzone
[2022-02-21T00:01:51.611] [INFO] FabricUtils - generateBlockHash 0
[2022-02-21T00:01:51.611] [INFO] FabricGateway - Sending discovery request...
[2022-02-21T00:01:51.618] [INFO] FabricGateway - Succeeded to send discovery request
[2022-02-21T00:01:51.618] [INFO] FabricClient - Discovered Org1MSP [
  {
    mspid: 'Org1MSP',
    endpoint: 'peer0.org1.example.com:7051',
    name: 'peer0.org1.example.com:7051',
    ledgerHeight: Long { low: 63, high: 0, unsigned: true },
    chaincodes: [ [Object], [Object], [Object], [Object] ]
  },
  {
    mspid: 'Org1MSP',
    endpoint: 'peer1.org1.example.com:8051',
    name: 'peer1.org1.example.com:8051',
    ledgerHeight: Long { low: 63, high: 0, unsigned: true },
    chaincodes: [ [Object] ]
  }
]
[2022-02-21T00:01:51.618] [INFO] FabricClient - Discovered Org2MSP [
  {
    mspid: 'Org2MSP',
    endpoint: 'peer0.org2.example.com:9051',
    name: 'peer0.org2.example.com:9051',
    ledgerHeight: Long { low: 63, high: 0, unsigned: true },
    chaincodes: [ [Object], [Object], [Object], [Object] ]
  },
  {
    mspid: 'Org2MSP',
    endpoint: 'peer1.org2.example.com:10051',
    name: 'peer1.org2.example.com:10051',
    ledgerHeight: Long { low: 63, high: 0, unsigned: true },
    chaincodes: [ [Object] ]
  }
]
[2022-02-21T00:01:51.618] [INFO] FabricClient - Discovered Org3MSP [
  {
    mspid: 'Org3MSP',
    endpoint: 'peer1.org3.example.com:12051',
    name: 'peer1.org3.example.com:12051',
    ledgerHeight: Long { low: 63, high: 0, unsigned: true },
    chaincodes: [ [Object] ]
  },
  {
    mspid: 'Org3MSP',
    endpoint: 'peer0.org3.example.com:11051',
    name: 'peer0.org3.example.com:11051',
    ledgerHeight: Long { low: 63, high: 0, unsigned: true },
    chaincodes: [ [Object], [Object], [Object], [Object] ]
  }
]
[2022-02-21T00:01:51.619] [INFO] FabricClient - Discovered Org4MSP [
  {
    mspid: 'Org4MSP',
    endpoint: 'peer0.org4.example.com:21051',
    name: 'peer0.org4.example.com:21051',
    ledgerHeight: Long { low: 63, high: 0, unsigned: true },
    chaincodes: [ [Object], [Object], [Object], [Object] ]
  },
  {
    mspid: 'Org4MSP',
    endpoint: 'peer1.org4.example.com:22051',
    name: 'peer1.org4.example.com:22051',
    ledgerHeight: Long { low: 63, high: 0, unsigned: true },
    chaincodes: [ [Object] ]
  }
]
[2022-02-21T00:01:51.625] [INFO] FabricGateway - queryInstantiatedChaincodes digitalzone
[2022-02-21T00:01:51.651] [INFO] FabricGateway - queryInstantiatedChaincodes digitalzone
[2022-02-21T00:01:55.051] [INFO] SyncServices - syncBlocks: Start >> test-network_digitalzone
[2022-02-21T00:01:55.064] [ERROR] SyncServices - Failed to process Block # 0
[2022-02-21T00:01:55.074] [ERROR] SyncServices - Failed to process Block # 1
[2022-02-21T00:01:55.084] [ERROR] SyncServices - Failed to process Block # 2
[2022-02-21T00:01:55.094] [ERROR] SyncServices - Failed to process Block # 3
[2022-02-21T00:01:55.102] [ERROR] SyncServices - Failed to process Block # 4
[2022-02-21T00:01:55.102] [INFO] SyncServices - syncBlocks: Finish >> test-network_digitalzone
[2022-02-21T00:02:21.678] [INFO] SyncPlatform - Updating the client network and other details to DB
[2022-02-21T00:02:21.683] [INFO] SyncServices - SyncServices.synchNetworkConfigToDB client  test-network  channel_name  digitalzone
[2022-02-21T00:02:21.690] [INFO] FabricUtils - generateBlockHash 0
[2022-02-21T00:02:21.691] [INFO] FabricGateway - Sending discovery request...
[2022-02-21T00:02:21.697] [INFO] FabricGateway - Succeeded to send discovery request
[2022-02-21T00:02:21.697] [INFO] FabricClient - Discovered Org2MSP [
  {
    mspid: 'Org2MSP',
    endpoint: 'peer1.org2.example.com:10051',
    name: 'peer1.org2.example.com:10051',
    ledgerHeight: Long { low: 63, high: 0, unsigned: true },
    chaincodes: [ [Object] ]
  },
  {
    mspid: 'Org2MSP',
    endpoint: 'peer0.org2.example.com:9051',
    name: 'peer0.org2.example.com:9051',
    ledgerHeight: Long { low: 63, high: 0, unsigned: true },
    chaincodes: [ [Object], [Object], [Object], [Object] ]
  }
]
[2022-02-21T00:02:21.698] [INFO] FabricClient - Discovered Org3MSP [
  {
    mspid: 'Org3MSP',
    endpoint: 'peer0.org3.example.com:11051',
    name: 'peer0.org3.example.com:11051',
    ledgerHeight: Long { low: 63, high: 0, unsigned: true },
    chaincodes: [ [Object], [Object], [Object], [Object] ]
  },
  {
    mspid: 'Org3MSP',
    endpoint: 'peer1.org3.example.com:12051',
    name: 'peer1.org3.example.com:12051',
    ledgerHeight: Long { low: 63, high: 0, unsigned: true },
    chaincodes: [ [Object] ]
  }
]
[2022-02-21T00:02:21.698] [INFO] FabricClient - Discovered Org4MSP [
  {
    mspid: 'Org4MSP',
    endpoint: 'peer0.org4.example.com:21051',
    name: 'peer0.org4.example.com:21051',
    ledgerHeight: Long { low: 63, high: 0, unsigned: true },
    chaincodes: [ [Object], [Object], [Object], [Object] ]
  },
  {
    mspid: 'Org4MSP',
    endpoint: 'peer1.org4.example.com:22051',
    name: 'peer1.org4.example.com:22051',
    ledgerHeight: Long { low: 63, high: 0, unsigned: true },
    chaincodes: [ [Object] ]
  }
]
[2022-02-21T00:02:21.698] [INFO] FabricClient - Discovered Org1MSP [
  {
    mspid: 'Org1MSP',
    endpoint: 'peer0.org1.example.com:7051',
    name: 'peer0.org1.example.com:7051',
    ledgerHeight: Long { low: 63, high: 0, unsigned: true },
    chaincodes: [ [Object], [Object], [Object], [Object] ]
  },
  {
    mspid: 'Org1MSP',
    endpoint: 'peer1.org1.example.com:8051',
    name: 'peer1.org1.example.com:8051',
    ledgerHeight: Long { low: 63, high: 0, unsigned: true },
    chaincodes: [ [Object] ]
  }
]
[2022-02-21T00:02:21.705] [INFO] FabricGateway - queryInstantiatedChaincodes digitalzone
[2022-02-21T00:02:21.732] [INFO] FabricGateway - queryInstantiatedChaincodes digitalzone
[2022-02-21T00:02:51.756] [INFO] SyncPlatform - Updating the client network and other details to DB
[2022-02-21T00:02:51.761] [INFO] SyncServices - SyncServices.synchNetworkConfigToDB client  test-network  channel_name  digitalzone
[2022-02-21T00:02:51.769] [INFO] FabricUtils - generateBlockHash 0
[2022-02-21T00:02:51.770] [INFO] FabricGateway - Sending discovery request...
[2022-02-21T00:02:51.776] [INFO] FabricGateway - Succeeded to send discovery request
[2022-02-21T00:02:51.776] [INFO] FabricClient - Discovered Org3MSP [
  {
    mspid: 'Org3MSP',
    endpoint: 'peer0.org3.example.com:11051',
    name: 'peer0.org3.example.com:11051',
    ledgerHeight: Long { low: 63, high: 0, unsigned: true },
    chaincodes: [ [Object], [Object], [Object], [Object] ]
  },
  {
    mspid: 'Org3MSP',
    endpoint: 'peer1.org3.example.com:12051',
    name: 'peer1.org3.example.com:12051',
    ledgerHeight: Long { low: 63, high: 0, unsigned: true },
    chaincodes: [ [Object] ]
  }
]
[2022-02-21T00:02:51.776] [INFO] FabricClient - Discovered Org4MSP [
  {
    mspid: 'Org4MSP',
    endpoint: 'peer1.org4.example.com:22051',
    name: 'peer1.org4.example.com:22051',
    ledgerHeight: Long { low: 63, high: 0, unsigned: true },
    chaincodes: [ [Object] ]
  },
  {
    mspid: 'Org4MSP',
    endpoint: 'peer0.org4.example.com:21051',
    name: 'peer0.org4.example.com:21051',
    ledgerHeight: Long { low: 63, high: 0, unsigned: true },
    chaincodes: [ [Object], [Object], [Object], [Object] ]
  }
]
[2022-02-21T00:02:51.776] [INFO] FabricClient - Discovered Org1MSP [
  {
    mspid: 'Org1MSP',
    endpoint: 'peer0.org1.example.com:7051',
    name: 'peer0.org1.example.com:7051',
    ledgerHeight: Long { low: 63, high: 0, unsigned: true },
    chaincodes: [ [Object], [Object], [Object], [Object] ]
  },
  {
    mspid: 'Org1MSP',
    endpoint: 'peer1.org1.example.com:8051',
    name: 'peer1.org1.example.com:8051',
    ledgerHeight: Long { low: 63, high: 0, unsigned: true },
    chaincodes: [ [Object] ]
  }
]
[2022-02-21T00:02:51.777] [INFO] FabricClient - Discovered Org2MSP [
  {
    mspid: 'Org2MSP',
    endpoint: 'peer0.org2.example.com:9051',
    name: 'peer0.org2.example.com:9051',
    ledgerHeight: Long { low: 63, high: 0, unsigned: true },
    chaincodes: [ [Object], [Object], [Object], [Object] ]
  },
  {
    mspid: 'Org2MSP',
    endpoint: 'peer1.org2.example.com:10051',
    name: 'peer1.org2.example.com:10051',
    ledgerHeight: Long { low: 63, high: 0, unsigned: true },
    chaincodes: [ [Object] ]
  }
]
[2022-02-21T00:02:51.790] [INFO] FabricGateway - queryInstantiatedChaincodes digitalzone
[2022-02-21T00:02:51.836] [INFO] FabricGateway - queryInstantiatedChaincodes digitalzone
[2022-02-21T00:02:55.051] [INFO] SyncServices - syncBlocks: Start >> test-network_digitalzone
[2022-02-21T00:02:55.063] [ERROR] SyncServices - Failed to process Block # 0
[2022-02-21T00:02:55.074] [ERROR] SyncServices - Failed to process Block # 1
[2022-02-21T00:02:55.082] [ERROR] SyncServices - Failed to process Block # 2
[2022-02-21T00:02:55.091] [ERROR] SyncServices - Failed to process Block # 3
[2022-02-21T00:02:55.100] [ERROR] SyncServices - Failed to process Block # 4
[2022-02-21T00:02:55.100] [INFO] SyncServices - syncBlocks: Finish >> test-network_digitalzone
[2022-02-21T00:03:21.868] [INFO] SyncPlatform - Updating the client network and other details to DB
[2022-02-21T00:03:21.873] [INFO] SyncServices - SyncServices.synchNetworkConfigToDB client  test-network  channel_name  digitalzone
[2022-02-21T00:03:21.880] [INFO] FabricUtils - generateBlockHash 0
[2022-02-21T00:03:21.881] [INFO] FabricGateway - Sending discovery request...
[2022-02-21T00:03:21.888] [INFO] FabricGateway - Succeeded to send discovery request
[2022-02-21T00:03:21.888] [INFO] FabricClient - Discovered Org1MSP [
  {
    mspid: 'Org1MSP',
    endpoint: 'peer0.org1.example.com:7051',
    name: 'peer0.org1.example.com:7051',
    ledgerHeight: Long { low: 63, high: 0, unsigned: true },
    chaincodes: [ [Object], [Object], [Object], [Object] ]
  },
  {
    mspid: 'Org1MSP',
    endpoint: 'peer1.org1.example.com:8051',
    name: 'peer1.org1.example.com:8051',
    ledgerHeight: Long { low: 63, high: 0, unsigned: true },
    chaincodes: [ [Object] ]
  }
]
[2022-02-21T00:03:21.888] [INFO] FabricClient - Discovered Org2MSP [
  {
    mspid: 'Org2MSP',
    endpoint: 'peer0.org2.example.com:9051',
    name: 'peer0.org2.example.com:9051',
    ledgerHeight: Long { low: 63, high: 0, unsigned: true },
    chaincodes: [ [Object], [Object], [Object], [Object] ]
  },
  {
    mspid: 'Org2MSP',
    endpoint: 'peer1.org2.example.com:10051',
    name: 'peer1.org2.example.com:10051',
    ledgerHeight: Long { low: 63, high: 0, unsigned: true },
    chaincodes: [ [Object] ]
  }
]
[2022-02-21T00:03:21.888] [INFO] FabricClient - Discovered Org3MSP [
  {
    mspid: 'Org3MSP',
    endpoint: 'peer0.org3.example.com:11051',
    name: 'peer0.org3.example.com:11051',
    ledgerHeight: Long { low: 63, high: 0, unsigned: true },
    chaincodes: [ [Object], [Object], [Object], [Object] ]
  },
  {
    mspid: 'Org3MSP',
    endpoint: 'peer1.org3.example.com:12051',
    name: 'peer1.org3.example.com:12051',
    ledgerHeight: Long { low: 63, high: 0, unsigned: true },
    chaincodes: [ [Object] ]
  }
]
[2022-02-21T00:03:21.888] [INFO] FabricClient - Discovered Org4MSP [
  {
    mspid: 'Org4MSP',
    endpoint: 'peer0.org4.example.com:21051',
    name: 'peer0.org4.example.com:21051',
    ledgerHeight: Long { low: 63, high: 0, unsigned: true },
    chaincodes: [ [Object], [Object], [Object], [Object] ]
  },
  {
    mspid: 'Org4MSP',
    endpoint: 'peer1.org4.example.com:22051',
    name: 'peer1.org4.example.com:22051',
    ledgerHeight: Long { low: 63, high: 0, unsigned: true },
    chaincodes: [ [Object] ]
  }
]
[2022-02-21T00:03:21.899] [INFO] FabricGateway - queryInstantiatedChaincodes digitalzone
[2022-02-21T00:03:21.923] [INFO] FabricGateway - queryInstantiatedChaincodes digitalzone
[2022-02-21T00:03:51.952] [INFO] SyncPlatform - Updating the client network and other details to DB
[2022-02-21T00:03:51.957] [INFO] SyncServices - SyncServices.synchNetworkConfigToDB client  test-network  channel_name  digitalzone
[2022-02-21T00:03:51.963] [INFO] FabricUtils - generateBlockHash 0
[2022-02-21T00:03:51.964] [INFO] FabricGateway - Sending discovery request...
[2022-02-21T00:03:51.970] [INFO] FabricGateway - Succeeded to send discovery request
[2022-02-21T00:03:51.970] [INFO] FabricClient - Discovered Org4MSP [
  {
    mspid: 'Org4MSP',
    endpoint: 'peer1.org4.example.com:22051',
    name: 'peer1.org4.example.com:22051',
    ledgerHeight: Long { low: 63, high: 0, unsigned: true },
    chaincodes: [ [Object] ]
  },
  {
    mspid: 'Org4MSP',
    endpoint: 'peer0.org4.example.com:21051',
    name: 'peer0.org4.example.com:21051',
    ledgerHeight: Long { low: 63, high: 0, unsigned: true },
    chaincodes: [ [Object], [Object], [Object], [Object] ]
  }
]
[2022-02-21T00:03:51.970] [INFO] FabricClient - Discovered Org1MSP [
  {
    mspid: 'Org1MSP',
    endpoint: 'peer0.org1.example.com:7051',
    name: 'peer0.org1.example.com:7051',
    ledgerHeight: Long { low: 63, high: 0, unsigned: true },
    chaincodes: [ [Object], [Object], [Object], [Object] ]
  },
  {
    mspid: 'Org1MSP',
    endpoint: 'peer1.org1.example.com:8051',
    name: 'peer1.org1.example.com:8051',
    ledgerHeight: Long { low: 63, high: 0, unsigned: true },
    chaincodes: [ [Object] ]
  }
]
[2022-02-21T00:03:51.970] [INFO] FabricClient - Discovered Org2MSP [
  {
    mspid: 'Org2MSP',
    endpoint: 'peer0.org2.example.com:9051',
    name: 'peer0.org2.example.com:9051',
    ledgerHeight: Long { low: 63, high: 0, unsigned: true },
    chaincodes: [ [Object], [Object], [Object], [Object] ]
  },
  {
    mspid: 'Org2MSP',
    endpoint: 'peer1.org2.example.com:10051',
    name: 'peer1.org2.example.com:10051',
    ledgerHeight: Long { low: 63, high: 0, unsigned: true },
    chaincodes: [ [Object] ]
  }
]
[2022-02-21T00:03:51.971] [INFO] FabricClient - Discovered Org3MSP [
  {
    mspid: 'Org3MSP',
    endpoint: 'peer0.org3.example.com:11051',
    name: 'peer0.org3.example.com:11051',
    ledgerHeight: Long { low: 63, high: 0, unsigned: true },
    chaincodes: [ [Object], [Object], [Object], [Object] ]
  },
  {
    mspid: 'Org3MSP',
    endpoint: 'peer1.org3.example.com:12051',
    name: 'peer1.org3.example.com:12051',
    ledgerHeight: Long { low: 63, high: 0, unsigned: true },
    chaincodes: [ [Object] ]
  }
]
[2022-02-21T00:03:51.976] [INFO] FabricGateway - queryInstantiatedChaincodes digitalzone
[2022-02-21T00:03:52.000] [INFO] FabricGateway - queryInstantiatedChaincodes digitalzone
[2022-02-21T00:03:55.052] [INFO] SyncServices - syncBlocks: Start >> test-network_digitalzone
[2022-02-21T00:03:55.063] [ERROR] SyncServices - Failed to process Block # 0
[2022-02-21T00:03:55.072] [ERROR] SyncServices - Failed to process Block # 1
[2022-02-21T00:03:55.081] [ERROR] SyncServices - Failed to process Block # 2
[2022-02-21T00:03:55.090] [ERROR] SyncServices - Failed to process Block # 3
[2022-02-21T00:03:55.098] [ERROR] SyncServices - Failed to process Block # 4
[2022-02-21T00:03:55.098] [INFO] SyncServices - syncBlocks: Finish >> test-network_digitalzone
[2022-02-21T00:04:22.027] [INFO] SyncPlatform - Updating the client network and other details to DB
[2022-02-21T00:04:22.033] [INFO] SyncServices - SyncServices.synchNetworkConfigToDB client  test-network  channel_name  digitalzone
[2022-02-21T00:04:22.039] [INFO] FabricUtils - generateBlockHash 0
[2022-02-21T00:04:22.041] [INFO] FabricGateway - Sending discovery request...
[2022-02-21T00:04:22.047] [INFO] FabricGateway - Succeeded to send discovery request
[2022-02-21T00:04:22.047] [INFO] FabricClient - Discovered Org2MSP [
  {
    mspid: 'Org2MSP',
    endpoint: 'peer0.org2.example.com:9051',
    name: 'peer0.org2.example.com:9051',
    ledgerHeight: Long { low: 63, high: 0, unsigned: true },
    chaincodes: [ [Object], [Object], [Object], [Object] ]
  },
  {
    mspid: 'Org2MSP',
    endpoint: 'peer1.org2.example.com:10051',
    name: 'peer1.org2.example.com:10051',
    ledgerHeight: Long { low: 63, high: 0, unsigned: true },
    chaincodes: [ [Object] ]
  }
]
[2022-02-21T00:04:22.047] [INFO] FabricClient - Discovered Org3MSP [
  {
    mspid: 'Org3MSP',
    endpoint: 'peer0.org3.example.com:11051',
    name: 'peer0.org3.example.com:11051',
    ledgerHeight: Long { low: 63, high: 0, unsigned: true },
    chaincodes: [ [Object], [Object], [Object], [Object] ]
  },
  {
    mspid: 'Org3MSP',
    endpoint: 'peer1.org3.example.com:12051',
    name: 'peer1.org3.example.com:12051',
    ledgerHeight: Long { low: 63, high: 0, unsigned: true },
    chaincodes: [ [Object] ]
  }
]
[2022-02-21T00:04:22.047] [INFO] FabricClient - Discovered Org4MSP [
  {
    mspid: 'Org4MSP',
    endpoint: 'peer0.org4.example.com:21051',
    name: 'peer0.org4.example.com:21051',
    ledgerHeight: Long { low: 63, high: 0, unsigned: true },
    chaincodes: [ [Object], [Object], [Object], [Object] ]
  },
  {
    mspid: 'Org4MSP',
    endpoint: 'peer1.org4.example.com:22051',
    name: 'peer1.org4.example.com:22051',
    ledgerHeight: Long { low: 63, high: 0, unsigned: true },
    chaincodes: [ [Object] ]
  }
]
[2022-02-21T00:04:22.047] [INFO] FabricClient - Discovered Org1MSP [
  {
    mspid: 'Org1MSP',
    endpoint: 'peer1.org1.example.com:8051',
    name: 'peer1.org1.example.com:8051',
    ledgerHeight: Long { low: 63, high: 0, unsigned: true },
    chaincodes: [ [Object] ]
  },
  {
    mspid: 'Org1MSP',
    endpoint: 'peer0.org1.example.com:7051',
    name: 'peer0.org1.example.com:7051',
    ledgerHeight: Long { low: 63, high: 0, unsigned: true },
    chaincodes: [ [Object], [Object], [Object], [Object] ]
  }
]
[2022-02-21T00:04:22.054] [INFO] FabricGateway - queryInstantiatedChaincodes digitalzone
[2022-02-21T00:04:22.081] [INFO] FabricGateway - queryInstantiatedChaincodes digitalzone
[2022-02-21T00:04:52.102] [INFO] SyncPlatform - Updating the client network and other details to DB
[2022-02-21T00:04:52.107] [INFO] SyncServices - SyncServices.synchNetworkConfigToDB client  test-network  channel_name  digitalzone
[2022-02-21T00:04:52.114] [INFO] FabricUtils - generateBlockHash 0
[2022-02-21T00:04:52.115] [INFO] FabricGateway - Sending discovery request...
[2022-02-21T00:04:52.121] [INFO] FabricGateway - Succeeded to send discovery request
[2022-02-21T00:04:52.121] [INFO] FabricClient - Discovered Org1MSP [
  {
    mspid: 'Org1MSP',
    endpoint: 'peer0.org1.example.com:7051',
    name: 'peer0.org1.example.com:7051',
    ledgerHeight: Long { low: 63, high: 0, unsigned: true },
    chaincodes: [ [Object], [Object], [Object], [Object] ]
  },
  {
    mspid: 'Org1MSP',
    endpoint: 'peer1.org1.example.com:8051',
    name: 'peer1.org1.example.com:8051',
    ledgerHeight: Long { low: 63, high: 0, unsigned: true },
    chaincodes: [ [Object] ]
  }
]
[2022-02-21T00:04:52.122] [INFO] FabricClient - Discovered Org2MSP [
  {
    mspid: 'Org2MSP',
    endpoint: 'peer0.org2.example.com:9051',
    name: 'peer0.org2.example.com:9051',
    ledgerHeight: Long { low: 63, high: 0, unsigned: true },
    chaincodes: [ [Object], [Object], [Object], [Object] ]
  },
  {
    mspid: 'Org2MSP',
    endpoint: 'peer1.org2.example.com:10051',
    name: 'peer1.org2.example.com:10051',
    ledgerHeight: Long { low: 63, high: 0, unsigned: true },
    chaincodes: [ [Object] ]
  }
]
[2022-02-21T00:04:52.122] [INFO] FabricClient - Discovered Org3MSP [
  {
    mspid: 'Org3MSP',
    endpoint: 'peer0.org3.example.com:11051',
    name: 'peer0.org3.example.com:11051',
    ledgerHeight: Long { low: 63, high: 0, unsigned: true },
    chaincodes: [ [Object], [Object], [Object], [Object] ]
  },
  {
    mspid: 'Org3MSP',
    endpoint: 'peer1.org3.example.com:12051',
    name: 'peer1.org3.example.com:12051',
    ledgerHeight: Long { low: 63, high: 0, unsigned: true },
    chaincodes: [ [Object] ]
  }
]
[2022-02-21T00:04:52.122] [INFO] FabricClient - Discovered Org4MSP [
  {
    mspid: 'Org4MSP',
    endpoint: 'peer1.org4.example.com:22051',
    name: 'peer1.org4.example.com:22051',
    ledgerHeight: Long { low: 63, high: 0, unsigned: true },
    chaincodes: [ [Object] ]
  },
  {
    mspid: 'Org4MSP',
    endpoint: 'peer0.org4.example.com:21051',
    name: 'peer0.org4.example.com:21051',
    ledgerHeight: Long { low: 63, high: 0, unsigned: true },
    chaincodes: [ [Object], [Object], [Object], [Object] ]
  }
]
[2022-02-21T00:04:52.128] [INFO] FabricGateway - queryInstantiatedChaincodes digitalzone
[2022-02-21T00:04:52.152] [INFO] FabricGateway - queryInstantiatedChaincodes digitalzone
[2022-02-21T00:04:55.053] [INFO] SyncServices - syncBlocks: Start >> test-network_digitalzone
[2022-02-21T00:04:55.064] [ERROR] SyncServices - Failed to process Block # 0
[2022-02-21T00:04:55.074] [ERROR] SyncServices - Failed to process Block # 1
[2022-02-21T00:04:55.087] [ERROR] SyncServices - Failed to process Block # 2
[2022-02-21T00:04:55.102] [ERROR] SyncServices - Failed to process Block # 3
[2022-02-21T00:04:55.110] [ERROR] SyncServices - Failed to process Block # 4
[2022-02-21T00:04:55.110] [INFO] SyncServices - syncBlocks: Finish >> test-network_digitalzone
[2022-02-21T00:05:22.176] [INFO] SyncPlatform - Updating the client network and other details to DB
[2022-02-21T00:05:22.181] [INFO] SyncServices - SyncServices.synchNetworkConfigToDB client  test-network  channel_name  digitalzone
[2022-02-21T00:05:22.188] [INFO] FabricUtils - generateBlockHash 0
[2022-02-21T00:05:22.189] [INFO] FabricGateway - Sending discovery request...
[2022-02-21T00:05:22.195] [INFO] FabricGateway - Succeeded to send discovery request
[2022-02-21T00:05:22.195] [INFO] FabricClient - Discovered Org1MSP [
  {
    mspid: 'Org1MSP',
    endpoint: 'peer0.org1.example.com:7051',
    name: 'peer0.org1.example.com:7051',
    ledgerHeight: Long { low: 63, high: 0, unsigned: true },
    chaincodes: [ [Object], [Object], [Object], [Object] ]
  },
  {
    mspid: 'Org1MSP',
    endpoint: 'peer1.org1.example.com:8051',
    name: 'peer1.org1.example.com:8051',
    ledgerHeight: Long { low: 63, high: 0, unsigned: true },
    chaincodes: [ [Object] ]
  }
]
[2022-02-21T00:05:22.195] [INFO] FabricClient - Discovered Org2MSP [
  {
    mspid: 'Org2MSP',
    endpoint: 'peer1.org2.example.com:10051',
    name: 'peer1.org2.example.com:10051',
    ledgerHeight: Long { low: 63, high: 0, unsigned: true },
    chaincodes: [ [Object] ]
  },
  {
    mspid: 'Org2MSP',
    endpoint: 'peer0.org2.example.com:9051',
    name: 'peer0.org2.example.com:9051',
    ledgerHeight: Long { low: 63, high: 0, unsigned: true },
    chaincodes: [ [Object], [Object], [Object], [Object] ]
  }
]
[2022-02-21T00:05:22.195] [INFO] FabricClient - Discovered Org3MSP [
  {
    mspid: 'Org3MSP',
    endpoint: 'peer0.org3.example.com:11051',
    name: 'peer0.org3.example.com:11051',
    ledgerHeight: Long { low: 63, high: 0, unsigned: true },
    chaincodes: [ [Object], [Object], [Object], [Object] ]
  },
  {
    mspid: 'Org3MSP',
    endpoint: 'peer1.org3.example.com:12051',
    name: 'peer1.org3.example.com:12051',
    ledgerHeight: Long { low: 63, high: 0, unsigned: true },
    chaincodes: [ [Object] ]
  }
]
[2022-02-21T00:05:22.195] [INFO] FabricClient - Discovered Org4MSP [
  {
    mspid: 'Org4MSP',
    endpoint: 'peer0.org4.example.com:21051',
    name: 'peer0.org4.example.com:21051',
    ledgerHeight: Long { low: 63, high: 0, unsigned: true },
    chaincodes: [ [Object], [Object], [Object], [Object] ]
  },
  {
    mspid: 'Org4MSP',
    endpoint: 'peer1.org4.example.com:22051',
    name: 'peer1.org4.example.com:22051',
    ledgerHeight: Long { low: 63, high: 0, unsigned: true },
    chaincodes: [ [Object] ]
  }
]
[2022-02-21T00:05:22.203] [INFO] FabricGateway - queryInstantiatedChaincodes digitalzone
[2022-02-21T00:05:22.232] [INFO] FabricGateway - queryInstantiatedChaincodes digitalzone
[2022-02-21T00:05:52.264] [INFO] SyncPlatform - Updating the client network and other details to DB
[2022-02-21T00:05:52.270] [INFO] SyncServices - SyncServices.synchNetworkConfigToDB client  test-network  channel_name  digitalzone
[2022-02-21T00:05:52.277] [INFO] FabricUtils - generateBlockHash 0
[2022-02-21T00:05:52.278] [INFO] FabricGateway - Sending discovery request...
[2022-02-21T00:05:52.283] [INFO] FabricGateway - Succeeded to send discovery request
[2022-02-21T00:05:52.283] [INFO] FabricClient - Discovered Org4MSP [
  {
    mspid: 'Org4MSP',
    endpoint: 'peer0.org4.example.com:21051',
    name: 'peer0.org4.example.com:21051',
    ledgerHeight: Long { low: 63, high: 0, unsigned: true },
    chaincodes: [ [Object], [Object], [Object], [Object] ]
  },
  {
    mspid: 'Org4MSP',
    endpoint: 'peer1.org4.example.com:22051',
    name: 'peer1.org4.example.com:22051',
    ledgerHeight: Long { low: 63, high: 0, unsigned: true },
    chaincodes: [ [Object] ]
  }
]
[2022-02-21T00:05:52.283] [INFO] FabricClient - Discovered Org1MSP [
  {
    mspid: 'Org1MSP',
    endpoint: 'peer0.org1.example.com:7051',
    name: 'peer0.org1.example.com:7051',
    ledgerHeight: Long { low: 63, high: 0, unsigned: true },
    chaincodes: [ [Object], [Object], [Object], [Object] ]
  },
  {
    mspid: 'Org1MSP',
    endpoint: 'peer1.org1.example.com:8051',
    name: 'peer1.org1.example.com:8051',
    ledgerHeight: Long { low: 63, high: 0, unsigned: true },
    chaincodes: [ [Object] ]
  }
]
[2022-02-21T00:05:52.283] [INFO] FabricClient - Discovered Org2MSP [
  {
    mspid: 'Org2MSP',
    endpoint: 'peer0.org2.example.com:9051',
    name: 'peer0.org2.example.com:9051',
    ledgerHeight: Long { low: 63, high: 0, unsigned: true },
    chaincodes: [ [Object], [Object], [Object], [Object] ]
  },
  {
    mspid: 'Org2MSP',
    endpoint: 'peer1.org2.example.com:10051',
    name: 'peer1.org2.example.com:10051',
    ledgerHeight: Long { low: 63, high: 0, unsigned: true },
    chaincodes: [ [Object] ]
  }
]
[2022-02-21T00:05:52.283] [INFO] FabricClient - Discovered Org3MSP [
  {
    mspid: 'Org3MSP',
    endpoint: 'peer0.org3.example.com:11051',
    name: 'peer0.org3.example.com:11051',
    ledgerHeight: Long { low: 63, high: 0, unsigned: true },
    chaincodes: [ [Object], [Object], [Object], [Object] ]
  },
  {
    mspid: 'Org3MSP',
    endpoint: 'peer1.org3.example.com:12051',
    name: 'peer1.org3.example.com:12051',
    ledgerHeight: Long { low: 63, high: 0, unsigned: true },
    chaincodes: [ [Object] ]
  }
]
[2022-02-21T00:05:52.290] [INFO] FabricGateway - queryInstantiatedChaincodes digitalzone
[2022-02-21T00:05:52.314] [INFO] FabricGateway - queryInstantiatedChaincodes digitalzone
[2022-02-21T00:05:55.056] [INFO] SyncServices - syncBlocks: Start >> test-network_digitalzone
[2022-02-21T00:05:55.067] [ERROR] SyncServices - Failed to process Block # 0
[2022-02-21T00:05:55.076] [ERROR] SyncServices - Failed to process Block # 1
[2022-02-21T00:05:55.085] [ERROR] SyncServices - Failed to process Block # 2
[2022-02-21T00:05:55.092] [ERROR] SyncServices - Failed to process Block # 3
[2022-02-21T00:05:55.100] [ERROR] SyncServices - Failed to process Block # 4
[2022-02-21T00:05:55.100] [INFO] SyncServices - syncBlocks: Finish >> test-network_digitalzone
[2022-02-21T00:06:22.345] [INFO] SyncPlatform - Updating the client network and other details to DB
[2022-02-21T00:06:22.351] [INFO] SyncServices - SyncServices.synchNetworkConfigToDB client  test-network  channel_name  digitalzone
[2022-02-21T00:06:22.357] [INFO] FabricUtils - generateBlockHash 0
[2022-02-21T00:06:22.358] [INFO] FabricGateway - Sending discovery request...
[2022-02-21T00:06:22.364] [INFO] FabricGateway - Succeeded to send discovery request
[2022-02-21T00:06:22.364] [INFO] FabricClient - Discovered Org3MSP [
  {
    mspid: 'Org3MSP',
    endpoint: 'peer0.org3.example.com:11051',
    name: 'peer0.org3.example.com:11051',
    ledgerHeight: Long { low: 63, high: 0, unsigned: true },
    chaincodes: [ [Object], [Object], [Object], [Object] ]
  },
  {
    mspid: 'Org3MSP',
    endpoint: 'peer1.org3.example.com:12051',
    name: 'peer1.org3.example.com:12051',
    ledgerHeight: Long { low: 63, high: 0, unsigned: true },
    chaincodes: [ [Object] ]
  }
]
[2022-02-21T00:06:22.364] [INFO] FabricClient - Discovered Org4MSP [
  {
    mspid: 'Org4MSP',
    endpoint: 'peer0.org4.example.com:21051',
    name: 'peer0.org4.example.com:21051',
    ledgerHeight: Long { low: 63, high: 0, unsigned: true },
    chaincodes: [ [Object], [Object], [Object], [Object] ]
  },
  {
    mspid: 'Org4MSP',
    endpoint: 'peer1.org4.example.com:22051',
    name: 'peer1.org4.example.com:22051',
    ledgerHeight: Long { low: 63, high: 0, unsigned: true },
    chaincodes: [ [Object] ]
  }
]
[2022-02-21T00:06:22.364] [INFO] FabricClient - Discovered Org1MSP [
  {
    mspid: 'Org1MSP',
    endpoint: 'peer0.org1.example.com:7051',
    name: 'peer0.org1.example.com:7051',
    ledgerHeight: Long { low: 63, high: 0, unsigned: true },
    chaincodes: [ [Object], [Object], [Object], [Object] ]
  },
  {
    mspid: 'Org1MSP',
    endpoint: 'peer1.org1.example.com:8051',
    name: 'peer1.org1.example.com:8051',
    ledgerHeight: Long { low: 63, high: 0, unsigned: true },
    chaincodes: [ [Object] ]
  }
]
[2022-02-21T00:06:22.365] [INFO] FabricClient - Discovered Org2MSP [
  {
    mspid: 'Org2MSP',
    endpoint: 'peer0.org2.example.com:9051',
    name: 'peer0.org2.example.com:9051',
    ledgerHeight: Long { low: 63, high: 0, unsigned: true },
    chaincodes: [ [Object], [Object], [Object], [Object] ]
  },
  {
    mspid: 'Org2MSP',
    endpoint: 'peer1.org2.example.com:10051',
    name: 'peer1.org2.example.com:10051',
    ledgerHeight: Long { low: 63, high: 0, unsigned: true },
    chaincodes: [ [Object] ]
  }
]
[2022-02-21T00:06:22.371] [INFO] FabricGateway - queryInstantiatedChaincodes digitalzone
[2022-02-21T00:06:22.394] [INFO] FabricGateway - queryInstantiatedChaincodes digitalzone
[2022-02-21T00:06:52.415] [INFO] SyncPlatform - Updating the client network and other details to DB
[2022-02-21T00:06:52.424] [INFO] SyncServices - SyncServices.synchNetworkConfigToDB client  test-network  channel_name  digitalzone
[2022-02-21T00:06:52.441] [INFO] FabricUtils - generateBlockHash 0
[2022-02-21T00:06:52.443] [INFO] FabricGateway - Sending discovery request...
[2022-02-21T00:06:52.450] [INFO] FabricGateway - Succeeded to send discovery request
[2022-02-21T00:06:52.451] [INFO] FabricClient - Discovered Org2MSP [
  {
    mspid: 'Org2MSP',
    endpoint: 'peer0.org2.example.com:9051',
    name: 'peer0.org2.example.com:9051',
    ledgerHeight: Long { low: 63, high: 0, unsigned: true },
    chaincodes: [ [Object], [Object], [Object], [Object] ]
  },
  {
    mspid: 'Org2MSP',
    endpoint: 'peer1.org2.example.com:10051',
    name: 'peer1.org2.example.com:10051',
    ledgerHeight: Long { low: 63, high: 0, unsigned: true },
    chaincodes: [ [Object] ]
  }
]
[2022-02-21T00:06:52.451] [INFO] FabricClient - Discovered Org3MSP [
  {
    mspid: 'Org3MSP',
    endpoint: 'peer0.org3.example.com:11051',
    name: 'peer0.org3.example.com:11051',
    ledgerHeight: Long { low: 63, high: 0, unsigned: true },
    chaincodes: [ [Object], [Object], [Object], [Object] ]
  },
  {
    mspid: 'Org3MSP',
    endpoint: 'peer1.org3.example.com:12051',
    name: 'peer1.org3.example.com:12051',
    ledgerHeight: Long { low: 63, high: 0, unsigned: true },
    chaincodes: [ [Object] ]
  }
]
[2022-02-21T00:06:52.451] [INFO] FabricClient - Discovered Org4MSP [
  {
    mspid: 'Org4MSP',
    endpoint: 'peer1.org4.example.com:22051',
    name: 'peer1.org4.example.com:22051',
    ledgerHeight: Long { low: 63, high: 0, unsigned: true },
    chaincodes: [ [Object] ]
  },
  {
    mspid: 'Org4MSP',
    endpoint: 'peer0.org4.example.com:21051',
    name: 'peer0.org4.example.com:21051',
    ledgerHeight: Long { low: 63, high: 0, unsigned: true },
    chaincodes: [ [Object], [Object], [Object], [Object] ]
  }
]
[2022-02-21T00:06:52.451] [INFO] FabricClient - Discovered Org1MSP [
  {
    mspid: 'Org1MSP',
    endpoint: 'peer0.org1.example.com:7051',
    name: 'peer0.org1.example.com:7051',
    ledgerHeight: Long { low: 63, high: 0, unsigned: true },
    chaincodes: [ [Object], [Object], [Object], [Object] ]
  },
  {
    mspid: 'Org1MSP',
    endpoint: 'peer1.org1.example.com:8051',
    name: 'peer1.org1.example.com:8051',
    ledgerHeight: Long { low: 63, high: 0, unsigned: true },
    chaincodes: [ [Object] ]
  }
]
[2022-02-21T00:06:52.462] [INFO] FabricGateway - queryInstantiatedChaincodes digitalzone
[2022-02-21T00:06:52.488] [INFO] FabricGateway - queryInstantiatedChaincodes digitalzone
[2022-02-21T00:06:55.055] [INFO] SyncServices - syncBlocks: Start >> test-network_digitalzone
[2022-02-21T00:06:55.063] [ERROR] SyncServices - Failed to process Block # 0
[2022-02-21T00:06:55.075] [ERROR] SyncServices - Failed to process Block # 1
[2022-02-21T00:06:55.082] [ERROR] SyncServices - Failed to process Block # 2
[2022-02-21T00:06:55.089] [ERROR] SyncServices - Failed to process Block # 3
[2022-02-21T00:06:55.095] [ERROR] SyncServices - Failed to process Block # 4
[2022-02-21T00:06:55.095] [INFO] SyncServices - syncBlocks: Finish >> test-network_digitalzone
[2022-02-21T00:07:22.509] [INFO] SyncPlatform - Updating the client network and other details to DB
[2022-02-21T00:07:22.686] [ERROR] Sync - <<<<<<<<<<<<<<<<<<<<<<<<<< Synchronizer Error >>>>>>>>>>>>>>>>>>>>>
[2022-02-21T00:07:22.686] [ERROR] Sync - FabricError: Query failed. Errors: ["Error: 14 UNAVAILABLE: No connection established","Error: 14 UNAVAILABLE: No connection established","Error: 14 UNAVAILABLE: No connection established"]
    at SingleQueryHandler.evaluate (/fabric_explorer/node_modules/fabric-network/lib/impl/query/singlequeryhandler.js:47:23)
    at runMicrotasks (<anonymous>)
    at processTicksAndRejections (internal/process/task_queues.js:97:5)
    at async Transaction.evaluate (/fabric_explorer/node_modules/fabric-network/lib/transaction.js:291:25) {
  name: 'FabricError'
}
[2022-02-21T00:07:22.737] [INFO] Sync - <<<<<<<<<<<<<<<<<<<<<<<<<< Closing client processor >>>>>>>>>>>>>>>>>>>>>
