
> hyperledger-explorer@1.1.8 start /fabric_explorer
> run-s build app-start

events.js:298
      throw er; // Unhandled 'error' event
      ^

Error: EBADF: bad file descriptor, read
Emitted 'error' event on ReadStream instance at:
    at internal/fs/streams.js:186:12
    at FSReqCallback.wrapper [as oncomplete] (fs.js:487:5) {
  errno: -9,
  code: 'EBADF',
  syscall: 'read'
}
npm ERR! code ELIFECYCLE
npm ERR! errno 1
npm ERR! hyperledger-explorer@1.1.8 start: `run-s build app-start`
npm ERR! Exit status 1
npm ERR! 
npm ERR! Failed at the hyperledger-explorer@1.1.8 start script.
npm ERR! This is probably not a problem with npm. There is likely additional logging output above.

npm ERR! A complete log of this run can be found in:
npm ERR!     /home/fabric/.npm/_logs/2022-03-04T01_08_30_920Z-debug.log

> hyperledger-explorer@1.1.8 start /fabric_explorer
> run-s build app-start

events.js:298
      throw er; // Unhandled 'error' event
      ^

Error: EBADF: bad file descriptor, read
Emitted 'error' event on ReadStream instance at:
    at internal/fs/streams.js:186:12
    at FSReqCallback.wrapper [as oncomplete] (fs.js:487:5) {
  errno: -9,
  code: 'EBADF',
  syscall: 'read'
}
npm ERR! code ELIFECYCLE
npm ERR! errno 1
npm ERR! hyperledger-explorer@1.1.8 start: `run-s build app-start`
npm ERR! Exit status 1
npm ERR! 
npm ERR! Failed at the hyperledger-explorer@1.1.8 start script.
npm ERR! This is probably not a problem with npm. There is likely additional logging output above.

npm ERR! A complete log of this run can be found in:
npm ERR!     /home/fabric/.npm/_logs/2022-03-08T00_42_22_394Z-debug.log

> hyperledger-explorer@1.1.8 start /fabric_explorer
> run-s build app-start

events.js:298
      throw er; // Unhandled 'error' event
      ^

Error: EBADF: bad file descriptor, read
Emitted 'error' event on ReadStream instance at:
    at internal/fs/streams.js:186:12
    at FSReqCallback.wrapper [as oncomplete] (fs.js:487:5) {
  errno: -9,
  code: 'EBADF',
  syscall: 'read'
}
npm ERR! code ELIFECYCLE
npm ERR! errno 1
npm ERR! hyperledger-explorer@1.1.8 start: `run-s build app-start`
npm ERR! Exit status 1
npm ERR! 
npm ERR! Failed at the hyperledger-explorer@1.1.8 start script.
npm ERR! This is probably not a problem with npm. There is likely additional logging output above.

npm ERR! A complete log of this run can be found in:
npm ERR!     /root/.npm/_logs/2022-03-08T00_46_11_494Z-debug.log
